V2 GNN Lite performance log:

============================================================
Fold 1/5
============================================================
Training X-axis model...
  Epoch 10: train=0.0647, val=0.0541
  Epoch 20: train=0.0570, val=0.0630
  Epoch 30: train=0.0496, val=0.0509
  Epoch 40: train=0.0436, val=0.0468
  Epoch 50: train=0.0411, val=0.0451
  Epoch 60: train=0.0389, val=0.0452
  Epoch 70: train=0.0379, val=0.0450
  Epoch 80: train=0.0377, val=0.0447
  Early stop at epoch 89
Training Y-axis model...
  Epoch 10: train=0.0595, val=0.0585
  Epoch 20: train=0.0478, val=0.0424
  Epoch 30: train=0.0421, val=0.0446
  Epoch 40: train=0.0384, val=0.0409
  Epoch 50: train=0.0367, val=0.0408
  Epoch 60: train=0.0362, val=0.0408
  Epoch 70: train=0.0356, val=0.0404
  Epoch 80: train=0.0358, val=0.0404
  Epoch 90: train=0.0360, val=0.0405
  Early stop at epoch 99

Fold 1 - X loss: 0.04442, Y loss: 0.04032

============================================================
Fold 2/5
============================================================
Training X-axis model...
  Epoch 10: train=0.0626, val=0.0558
  Epoch 20: train=0.0514, val=0.0518
  Epoch 30: train=0.0490, val=0.0501
  Epoch 40: train=0.0408, val=0.0487
  Epoch 50: train=0.0388, val=0.0490
  Epoch 60: train=0.0381, val=0.0491
  Epoch 70: train=0.0372, val=0.0486
  Epoch 80: train=0.0373, val=0.0484
  Epoch 90: train=0.0371, val=0.0484
  Early stop at epoch 98
Training Y-axis model...
  Epoch 10: train=0.0584, val=0.0504
  Epoch 20: train=0.0501, val=0.0517
  Epoch 30: train=0.0424, val=0.0502
  Epoch 40: train=0.0368, val=0.0458
  Epoch 50: train=0.0339, val=0.0455
  Epoch 60: train=0.0320, val=0.0452
  Epoch 70: train=0.0316, val=0.0450
  Epoch 80: train=0.0314, val=0.0449
  Epoch 90: train=0.0311, val=0.0449
  Epoch 100: train=0.0312, val=0.0449
  Epoch 110: train=0.0312, val=0.0449
  Early stop at epoch 111

Fold 2 - X loss: 0.04835, Y loss: 0.04484

============================================================
Fold 3/5
============================================================
Training X-axis model...
  Epoch 10: train=0.0632, val=0.0606
  Epoch 20: train=0.0547, val=0.0555
  Epoch 30: train=0.0469, val=0.0519
  Epoch 40: train=0.0419, val=0.0511
  Epoch 50: train=0.0382, val=0.0501
  Epoch 60: train=0.0371, val=0.0496
  Epoch 70: train=0.0362, val=0.0493
  Epoch 80: train=0.0362, val=0.0493
  Epoch 90: train=0.0361, val=0.0492
  Epoch 100: train=0.0358, val=0.0492
  Early stop at epoch 103
Training Y-axis model...
  Epoch 10: train=0.0579, val=0.0510
  Epoch 20: train=0.0498, val=0.0479
  Epoch 30: train=0.0419, val=0.0456
  Epoch 40: train=0.0359, val=0.0464
  Epoch 50: train=0.0332, val=0.0443
  Epoch 60: train=0.0325, val=0.0443
  Epoch 70: train=0.0316, val=0.0441
  Early stop at epoch 79

Fold 3 - X loss: 0.04914, Y loss: 0.04401

============================================================
Fold 4/5
============================================================
Training X-axis model...
  Epoch 10: train=0.0636, val=0.0549
  Epoch 20: train=0.0524, val=0.0472
  Epoch 30: train=0.0484, val=0.0458
  Epoch 40: train=0.0444, val=0.0440
  Epoch 50: train=0.0428, val=0.0443
  Epoch 60: train=0.0412, val=0.0440
  Epoch 70: train=0.0405, val=0.0440
  Epoch 80: train=0.0404, val=0.0441
  Epoch 90: train=0.0401, val=0.0441
  Early stop at epoch 97
Training Y-axis model...
  Epoch 10: train=0.0586, val=0.0525
  Epoch 20: train=0.0523, val=0.0446
  Epoch 30: train=0.0453, val=0.0445
  Epoch 40: train=0.0360, val=0.0404
  Epoch 50: train=0.0327, val=0.0408
  Epoch 60: train=0.0318, val=0.0405
  Epoch 70: train=0.0305, val=0.0402
  Epoch 80: train=0.0303, val=0.0402
  Epoch 90: train=0.0302, val=0.0401
  Epoch 100: train=0.0300, val=0.0402
  Epoch 110: train=0.0300, val=0.0401
  Epoch 120: train=0.0299, val=0.0402
  Early stop at epoch 120

Fold 4 - X loss: 0.04391, Y loss: 0.04007

============================================================
Fold 5/5
============================================================
Training X-axis model...
  Epoch 10: train=0.0653, val=0.0534
  Epoch 20: train=0.0574, val=0.0535
  Epoch 30: train=0.0488, val=0.0500
  Epoch 40: train=0.0424, val=0.0448
  Epoch 50: train=0.0405, val=0.0453
  Epoch 60: train=0.0397, val=0.0447
  Epoch 70: train=0.0393, val=0.0446
  Epoch 80: train=0.0391, val=0.0446
  Early stop at epoch 84
Training Y-axis model...
  Epoch 10: train=0.0582, val=0.0479
  Epoch 20: train=0.0473, val=0.0472
  Epoch 30: train=0.0418, val=0.0438
  Epoch 40: train=0.0381, val=0.0417
  Epoch 50: train=0.0373, val=0.0416
  Epoch 60: train=0.0363, val=0.0415
  Epoch 70: train=0.0353, val=0.0415
  Early stop at epoch 77

Fold 5 - X loss: 0.04452, Y loss: 0.04128


V3 Adjusted GNN performance log:

============================================================
Fold 1/5
============================================================
Training X-axis model...
  Epoch 10: train=0.0764, val=0.0551
  Epoch 20: train=0.0670, val=0.0511
  Epoch 30: train=0.0627, val=0.0480
  Epoch 40: train=0.0597, val=0.0463
  Epoch 50: train=0.0577, val=0.0473
  Epoch 60: train=0.0554, val=0.0454
  Epoch 70: train=0.0546, val=0.0443
  Epoch 80: train=0.0532, val=0.0439
  Epoch 90: train=0.0528, val=0.0435
  Epoch 100: train=0.0524, val=0.0433
  Epoch 110: train=0.0525, val=0.0432
  Epoch 120: train=0.0521, val=0.0432
  Epoch 130: train=0.0528, val=0.0431
  Epoch 140: train=0.0522, val=0.0431
  Early stop at epoch 146
Training Y-axis model...
  Epoch 10: train=0.0722, val=0.0519
  Epoch 20: train=0.0630, val=0.0458
  Epoch 30: train=0.0578, val=0.0445
  Epoch 40: train=0.0554, val=0.0423
  Epoch 50: train=0.0527, val=0.0414
  Epoch 60: train=0.0517, val=0.0404
  Epoch 70: train=0.0508, val=0.0402
  Epoch 80: train=0.0501, val=0.0401
  Epoch 90: train=0.0498, val=0.0399
  Epoch 100: train=0.0493, val=0.0398
  Epoch 110: train=0.0499, val=0.0398
  Epoch 120: train=0.0492, val=0.0398
  Early stop at epoch 123

Fold 1 - X loss: 0.04307, Y loss: 0.03976

============================================================
Fold 2/5
============================================================
Training X-axis model...
  Epoch 10: train=0.0743, val=0.0632
  Epoch 20: train=0.0660, val=0.0556
  Epoch 30: train=0.0608, val=0.0589
  Epoch 40: train=0.0587, val=0.0494
  Epoch 50: train=0.0569, val=0.0485
  Epoch 60: train=0.0566, val=0.0481
  Epoch 70: train=0.0550, val=0.0477
  Epoch 80: train=0.0561, val=0.0477
  Epoch 90: train=0.0560, val=0.0475
  Epoch 100: train=0.0555, val=0.0475
  Epoch 110: train=0.0556, val=0.0475
  Epoch 120: train=0.0554, val=0.0475
  Epoch 130: train=0.0552, val=0.0475
  Epoch 140: train=0.0557, val=0.0475
  Early stop at epoch 144
Training Y-axis model...
  Epoch 10: train=0.0716, val=0.0578
  Epoch 20: train=0.0619, val=0.0514
  Epoch 30: train=0.0575, val=0.0490
  Epoch 40: train=0.0540, val=0.0467
  Epoch 50: train=0.0522, val=0.0459
  Epoch 60: train=0.0506, val=0.0454
  Epoch 70: train=0.0486, val=0.0448
  Epoch 80: train=0.0480, val=0.0447
  Epoch 90: train=0.0464, val=0.0442
  Epoch 100: train=0.0464, val=0.0440
  Epoch 110: train=0.0458, val=0.0439
  Epoch 120: train=0.0463, val=0.0439
  Epoch 130: train=0.0456, val=0.0438
  Epoch 140: train=0.0454, val=0.0438
  Epoch 150: train=0.0459, val=0.0438
  Early stop at epoch 152

Fold 2 - X loss: 0.04748, Y loss: 0.04377

============================================================
Fold 3/5
============================================================
Training X-axis model...
  Epoch 10: train=0.0763, val=0.0614
  Epoch 20: train=0.0655, val=0.0558
  Epoch 30: train=0.0618, val=0.0523
  Epoch 40: train=0.0601, val=0.0507
  Epoch 50: train=0.0583, val=0.0505
  Epoch 60: train=0.0571, val=0.0495
  Epoch 70: train=0.0556, val=0.0496
  Epoch 80: train=0.0549, val=0.0489
  Epoch 90: train=0.0542, val=0.0484
  Epoch 100: train=0.0544, val=0.0485
  Epoch 110: train=0.0543, val=0.0483
  Epoch 120: train=0.0539, val=0.0483
  Epoch 130: train=0.0536, val=0.0483
  Epoch 140: train=0.0534, val=0.0483
  Epoch 150: train=0.0539, val=0.0483
  Epoch 160: train=0.0538, val=0.0483
  Epoch 170: train=0.0544, val=0.0483
  Early stop at epoch 171
Training Y-axis model...
  Epoch 10: train=0.0702, val=0.0558
  Epoch 20: train=0.0612, val=0.0509
  Epoch 30: train=0.0572, val=0.0475
  Epoch 40: train=0.0539, val=0.0467
  Epoch 50: train=0.0522, val=0.0458
  Epoch 60: train=0.0502, val=0.0457
  Epoch 70: train=0.0486, val=0.0453
  Epoch 80: train=0.0474, val=0.0450
  Epoch 90: train=0.0450, val=0.0442
  Epoch 100: train=0.0447, val=0.0439
  Epoch 110: train=0.0440, val=0.0437
  Epoch 120: train=0.0436, val=0.0433
  Epoch 130: train=0.0436, val=0.0432
  Epoch 140: train=0.0435, val=0.0432
  Epoch 150: train=0.0436, val=0.0432
  Epoch 160: train=0.0434, val=0.0432
  Epoch 170: train=0.0434, val=0.0432
  Early stop at epoch 172

Fold 3 - X loss: 0.04826, Y loss: 0.04316

============================================================
Fold 4/5
============================================================
Training X-axis model...
  Epoch 10: train=0.0768, val=0.0609
  Epoch 20: train=0.0672, val=0.0505
  Epoch 30: train=0.0626, val=0.0478
  Epoch 40: train=0.0602, val=0.0476
  Epoch 50: train=0.0573, val=0.0454
  Epoch 60: train=0.0560, val=0.0444
  Epoch 70: train=0.0550, val=0.0444
  Epoch 80: train=0.0542, val=0.0442
  Epoch 90: train=0.0537, val=0.0438
  Epoch 100: train=0.0536, val=0.0439
  Epoch 110: train=0.0529, val=0.0437
  Epoch 120: train=0.0533, val=0.0437
  Epoch 130: train=0.0530, val=0.0437
  Epoch 140: train=0.0530, val=0.0437
  Early stop at epoch 144
Training Y-axis model...
  Epoch 10: train=0.0732, val=0.0513
  Epoch 20: train=0.0621, val=0.0454
  Epoch 30: train=0.0581, val=0.0424
  Epoch 40: train=0.0546, val=0.0412
  Epoch 50: train=0.0529, val=0.0401
  Epoch 60: train=0.0501, val=0.0399
  Epoch 70: train=0.0496, val=0.0393
  Epoch 80: train=0.0486, val=0.0391
  Epoch 90: train=0.0482, val=0.0389
  Epoch 100: train=0.0484, val=0.0386
  Epoch 110: train=0.0479, val=0.0385
  Epoch 120: train=0.0475, val=0.0385
  Epoch 130: train=0.0479, val=0.0385
  Epoch 140: train=0.0476, val=0.0385
  Epoch 150: train=0.0479, val=0.0384
  Epoch 160: train=0.0472, val=0.0384
  Epoch 170: train=0.0475, val=0.0384
  Epoch 180: train=0.0476, val=0.0384
  Early stop at epoch 186

Fold 4 - X loss: 0.04364, Y loss: 0.03841

============================================================
Fold 5/5
============================================================
Training X-axis model...
  Epoch 10: train=0.0763, val=0.0587
  Epoch 20: train=0.0665, val=0.0511
  Epoch 30: train=0.0627, val=0.0499
  Epoch 40: train=0.0593, val=0.0479
  Epoch 50: train=0.0570, val=0.0468
  Epoch 60: train=0.0560, val=0.0456
  Epoch 70: train=0.0553, val=0.0453
  Epoch 80: train=0.0546, val=0.0452
  Epoch 90: train=0.0536, val=0.0450
  Epoch 100: train=0.0538, val=0.0449
  Epoch 110: train=0.0530, val=0.0448
  Epoch 120: train=0.0531, val=0.0447
  Epoch 130: train=0.0529, val=0.0447
  Epoch 140: train=0.0531, val=0.0447
  Epoch 150: train=0.0528, val=0.0447
  Epoch 160: train=0.0532, val=0.0447
  Early stop at epoch 161
Training Y-axis model...
  Epoch 10: train=0.0724, val=0.0527
  Epoch 20: train=0.0619, val=0.0485
  Epoch 30: train=0.0578, val=0.0450
  Epoch 40: train=0.0542, val=0.0432
  Epoch 50: train=0.0515, val=0.0438
  Epoch 60: train=0.0500, val=0.0420
  Epoch 70: train=0.0496, val=0.0415
  Epoch 80: train=0.0490, val=0.0412
  Epoch 90: train=0.0491, val=0.0412
  Epoch 100: train=0.0489, val=0.0412
  Epoch 110: train=0.0481, val=0.0412
  Epoch 120: train=0.0482, val=0.0412
  Epoch 130: train=0.0484, val=0.0412
  Epoch 140: train=0.0484, val=0.0412
  Early stop at epoch 149

Fold 5 - X loss: 0.04466, Y loss: 0.04113


V4 performance log:

============================================================
Fold 1/5
============================================================
Training X-axis model...
  Epoch 10: train=0.0691, val=0.0532
  Epoch 20: train=0.0619, val=0.0500
  Epoch 30: train=0.0575, val=0.0509
  Epoch 40: train=0.0548, val=0.0452
  Epoch 50: train=0.0525, val=0.0446
  Epoch 60: train=0.0518, val=0.0441
  Epoch 70: train=0.0511, val=0.0438
  Epoch 80: train=0.0498, val=0.0433
  Epoch 90: train=0.0498, val=0.0431
  Epoch 100: train=0.0496, val=0.0430
  Epoch 110: train=0.0493, val=0.0430
  Epoch 120: train=0.0490, val=0.0430
  Epoch 130: train=0.0495, val=0.0429
  Epoch 140: train=0.0490, val=0.0429
  Epoch 150: train=0.0492, val=0.0429
  Epoch 160: train=0.0490, val=0.0429
  Epoch 170: train=0.0493, val=0.0429
  Epoch 180: train=0.0494, val=0.0429
  Epoch 190: train=0.0490, val=0.0429
  Early stop at epoch 196
Training Y-axis model...
  Epoch 10: train=0.0652, val=0.0518
  Epoch 20: train=0.0572, val=0.0447
  Epoch 30: train=0.0538, val=0.0447
  Epoch 40: train=0.0503, val=0.0418
  Epoch 50: train=0.0478, val=0.0401
  Epoch 60: train=0.0470, val=0.0396
  Epoch 70: train=0.0464, val=0.0395
  Epoch 80: train=0.0461, val=0.0392
  Epoch 90: train=0.0457, val=0.0392
  Epoch 100: train=0.0455, val=0.0391
  Epoch 110: train=0.0450, val=0.0391
  Epoch 120: train=0.0454, val=0.0391
  Epoch 130: train=0.0451, val=0.0391
  Epoch 140: train=0.0452, val=0.0391
  Epoch 150: train=0.0449, val=0.0391
  Epoch 160: train=0.0452, val=0.0391
  Epoch 170: train=0.0454, val=0.0391
  Epoch 180: train=0.0451, val=0.0391
  Early stop at epoch 186

Fold 1 - X loss: 0.04283, Y loss: 0.03903

============================================================
Fold 2/5
============================================================
Training X-axis model...
  Epoch 10: train=0.0690, val=0.0552
  Epoch 20: train=0.0612, val=0.0587
  Epoch 30: train=0.0580, val=0.0514
  Epoch 40: train=0.0537, val=0.0496
  Epoch 50: train=0.0517, val=0.0476
  Epoch 60: train=0.0507, val=0.0475
  Epoch 70: train=0.0505, val=0.0474
  Epoch 80: train=0.0501, val=0.0473
  Epoch 90: train=0.0495, val=0.0471
  Epoch 100: train=0.0486, val=0.0470
  Epoch 110: train=0.0488, val=0.0470
  Epoch 120: train=0.0495, val=0.0470
  Epoch 130: train=0.0498, val=0.0470
  Epoch 140: train=0.0492, val=0.0470
  Epoch 150: train=0.0493, val=0.0470
  Epoch 160: train=0.0492, val=0.0470
  Epoch 170: train=0.0496, val=0.0470
  Epoch 180: train=0.0491, val=0.0470
  Early stop at epoch 181
Training Y-axis model...
  Epoch 10: train=0.0638, val=0.0527
  Epoch 20: train=0.0570, val=0.0487
  Epoch 30: train=0.0529, val=0.0455
  Epoch 40: train=0.0486, val=0.0443
  Epoch 50: train=0.0462, val=0.0440
  Epoch 60: train=0.0459, val=0.0447
  Epoch 70: train=0.0450, val=0.0433
  Epoch 80: train=0.0447, val=0.0430
  Epoch 90: train=0.0442, val=0.0430
  Epoch 100: train=0.0440, val=0.0430
  Epoch 110: train=0.0444, val=0.0429
  Epoch 120: train=0.0445, val=0.0429
  Epoch 130: train=0.0438, val=0.0429
  Epoch 140: train=0.0440, val=0.0429
  Epoch 150: train=0.0440, val=0.0429
  Epoch 160: train=0.0438, val=0.0429
  Epoch 170: train=0.0440, val=0.0429
  Early stop at epoch 174

Fold 2 - X loss: 0.04692, Y loss: 0.04290

============================================================
Fold 3/5
============================================================
Training X-axis model...
  Epoch 10: train=0.0679, val=0.0579
  Epoch 20: train=0.0600, val=0.0624
  Epoch 30: train=0.0578, val=0.0536
  Epoch 40: train=0.0544, val=0.0612
  Epoch 50: train=0.0519, val=0.0521
  Epoch 60: train=0.0497, val=0.0488
  Epoch 70: train=0.0478, val=0.0484
  Epoch 80: train=0.0470, val=0.0477
  Epoch 90: train=0.0464, val=0.0475
  Epoch 100: train=0.0460, val=0.0476
  Epoch 110: train=0.0462, val=0.0475
  Epoch 120: train=0.0468, val=0.0475
  Epoch 130: train=0.0463, val=0.0475
  Epoch 140: train=0.0464, val=0.0475
  Epoch 150: train=0.0459, val=0.0475
  Epoch 160: train=0.0460, val=0.0475
  Epoch 170: train=0.0460, val=0.0475
  Early stop at epoch 178
Training Y-axis model...
  Epoch 10: train=0.0634, val=0.0524
  Epoch 20: train=0.0560, val=0.0483
  Epoch 30: train=0.0525, val=0.0459
  Epoch 40: train=0.0494, val=0.0454
  Epoch 50: train=0.0466, val=0.0450
  Epoch 60: train=0.0446, val=0.0456
  Epoch 70: train=0.0428, val=0.0432
  Epoch 80: train=0.0423, val=0.0431
  Epoch 90: train=0.0423, val=0.0431
  Epoch 100: train=0.0419, val=0.0431
  Epoch 110: train=0.0417, val=0.0431
  Epoch 120: train=0.0417, val=0.0431
  Epoch 130: train=0.0415, val=0.0431
  Epoch 140: train=0.0417, val=0.0431
  Epoch 150: train=0.0414, val=0.0431
  Epoch 160: train=0.0418, val=0.0431
  Epoch 170: train=0.0417, val=0.0431
  Epoch 180: train=0.0417, val=0.0431
  Epoch 190: train=0.0416, val=0.0431
  Early stop at epoch 192

Fold 3 - X loss: 0.04743, Y loss: 0.04305

============================================================
Fold 4/5
============================================================
Training X-axis model...
  Epoch 10: train=0.0691, val=0.0511
  Epoch 20: train=0.0619, val=0.0519
  Epoch 30: train=0.0576, val=0.0476
  Epoch 40: train=0.0536, val=0.0458
  Epoch 50: train=0.0526, val=0.0452
  Epoch 60: train=0.0501, val=0.0442
  Epoch 70: train=0.0500, val=0.0446
  Epoch 80: train=0.0495, val=0.0439
  Epoch 90: train=0.0487, val=0.0439
  Epoch 100: train=0.0489, val=0.0439
  Epoch 110: train=0.0488, val=0.0439
  Epoch 120: train=0.0491, val=0.0439
  Epoch 130: train=0.0488, val=0.0439
  Epoch 140: train=0.0490, val=0.0439
  Epoch 150: train=0.0489, val=0.0439
  Epoch 160: train=0.0483, val=0.0439
  Early stop at epoch 162
Training Y-axis model...
  Epoch 10: train=0.0652, val=0.0537
  Epoch 20: train=0.0571, val=0.0426
  Epoch 30: train=0.0532, val=0.0419
  Epoch 40: train=0.0505, val=0.0415
  Epoch 50: train=0.0475, val=0.0398
  Epoch 60: train=0.0457, val=0.0383
  Epoch 70: train=0.0453, val=0.0384
  Epoch 80: train=0.0449, val=0.0381
  Epoch 90: train=0.0444, val=0.0379
  Epoch 100: train=0.0439, val=0.0377
  Epoch 110: train=0.0443, val=0.0377
  Epoch 120: train=0.0441, val=0.0377
  Epoch 130: train=0.0445, val=0.0377
  Epoch 140: train=0.0438, val=0.0377
  Epoch 150: train=0.0443, val=0.0377
  Epoch 160: train=0.0437, val=0.0377
  Epoch 170: train=0.0440, val=0.0377
  Epoch 180: train=0.0440, val=0.0377
  Epoch 190: train=0.0447, val=0.0377
  Epoch 200: train=0.0445, val=0.0377
  Epoch 210: train=0.0441, val=0.0377
  Epoch 220: train=0.0442, val=0.0377
  Epoch 230: train=0.0439, val=0.0377
  Epoch 240: train=0.0442, val=0.0377
  Epoch 250: train=0.0442, val=0.0377
  Epoch 260: train=0.0448, val=0.0377
  Early stop at epoch 266

Fold 4 - X loss: 0.04382, Y loss: 0.03770

============================================================
Fold 5/5
============================================================
Training X-axis model...
  Epoch 10: train=0.0691, val=0.0583
  Epoch 20: train=0.0626, val=0.0533
  Epoch 30: train=0.0569, val=0.0467
  Epoch 40: train=0.0543, val=0.0455
  Epoch 50: train=0.0531, val=0.0448
  Epoch 60: train=0.0531, val=0.0447
  Epoch 70: train=0.0519, val=0.0445
  Epoch 80: train=0.0514, val=0.0446
  Epoch 90: train=0.0519, val=0.0445
  Epoch 100: train=0.0516, val=0.0445
  Epoch 110: train=0.0518, val=0.0444
  Epoch 120: train=0.0522, val=0.0444
  Epoch 130: train=0.0524, val=0.0444
  Epoch 140: train=0.0514, val=0.0444
  Epoch 150: train=0.0517, val=0.0444
  Epoch 160: train=0.0517, val=0.0444
  Epoch 170: train=0.0515, val=0.0444
  Epoch 180: train=0.0511, val=0.0444
  Epoch 190: train=0.0512, val=0.0444
  Early stop at epoch 197
Training Y-axis model...
  Epoch 10: train=0.0645, val=0.0506
  Epoch 20: train=0.0576, val=0.0457
  Epoch 30: train=0.0533, val=0.0447
  Epoch 40: train=0.0503, val=0.0450
  Epoch 50: train=0.0472, val=0.0420
  Epoch 60: train=0.0455, val=0.0414
  Epoch 70: train=0.0445, val=0.0409
  Epoch 80: train=0.0443, val=0.0408
  Epoch 90: train=0.0433, val=0.0409
  Epoch 100: train=0.0436, val=0.0406
  Epoch 110: train=0.0433, val=0.0406
  Epoch 120: train=0.0431, val=0.0406
  Epoch 130: train=0.0437, val=0.0405
  Epoch 140: train=0.0434, val=0.0405
  Epoch 150: train=0.0431, val=0.0405
  Epoch 160: train=0.0432, val=0.0405
  Epoch 170: train=0.0430, val=0.0405
  Epoch 180: train=0.0431, val=0.0405
  Early stop at epoch 189

Fold 5 - X loss: 0.04440, Y loss: 0.04053


V5 (Abandoned) performance log:

============================================================
Fold 1/5
============================================================
Training X-axis model...
  Epoch 10: train=0.0737, val=0.0600
  Epoch 20: train=0.0643, val=0.0492
  Epoch 30: train=0.0618, val=0.0489
  Epoch 40: train=0.0589, val=0.0451
  Epoch 50: train=0.0576, val=0.0464
  Epoch 60: train=0.0571, val=0.0451
  Epoch 70: train=0.0556, val=0.0439
  Epoch 80: train=0.0555, val=0.0436
  Epoch 90: train=0.0553, val=0.0436
  Epoch 100: train=0.0553, val=0.0434
  Epoch 110: train=0.0549, val=0.0434
  Epoch 120: train=0.0552, val=0.0434
  Epoch 130: train=0.0541, val=0.0434
  Epoch 140: train=0.0549, val=0.0434
  Epoch 150: train=0.0547, val=0.0434
  Epoch 160: train=0.0548, val=0.0434
  Epoch 170: train=0.0554, val=0.0434
  Epoch 180: train=0.0545, val=0.0433
  Epoch 190: train=0.0556, val=0.0433
  Early stop at epoch 193
Training Y-axis model...
  Epoch 10: train=0.0693, val=0.0496
  Epoch 20: train=0.0600, val=0.0504
  Epoch 30: train=0.0552, val=0.0420
  Epoch 40: train=0.0515, val=0.0468
  Epoch 50: train=0.0503, val=0.0400
  Epoch 60: train=0.0487, val=0.0398
  Epoch 70: train=0.0474, val=0.0398
  Epoch 80: train=0.0461, val=0.0391
  Epoch 90: train=0.0457, val=0.0391
  Epoch 100: train=0.0458, val=0.0389
  Epoch 110: train=0.0452, val=0.0389
  Epoch 120: train=0.0454, val=0.0388
  Epoch 130: train=0.0454, val=0.0388
  Epoch 140: train=0.0453, val=0.0388
  Epoch 150: train=0.0449, val=0.0388
  Epoch 160: train=0.0451, val=0.0388
  Epoch 170: train=0.0450, val=0.0388
  Epoch 180: train=0.0451, val=0.0388
  Epoch 190: train=0.0449, val=0.0388
  Early stop at epoch 192

Fold 1 - X loss: 0.04334, Y loss: 0.03877

============================================================
Fold 2/5
============================================================
Training X-axis model...
  Epoch 10: train=0.0721, val=0.0565
  Epoch 20: train=0.0645, val=0.0560
  Epoch 30: train=0.0588, val=0.0498
  Epoch 40: train=0.0568, val=0.0505
  Epoch 50: train=0.0540, val=0.0475
  Epoch 60: train=0.0520, val=0.0484
  Epoch 70: train=0.0511, val=0.0476
  Epoch 80: train=0.0505, val=0.0468
  Epoch 90: train=0.0505, val=0.0465
  Epoch 100: train=0.0498, val=0.0463
  Epoch 110: train=0.0501, val=0.0464
  Epoch 120: train=0.0495, val=0.0463
  Epoch 130: train=0.0492, val=0.0463
  Epoch 140: train=0.0492, val=0.0463
  Epoch 150: train=0.0497, val=0.0463
  Epoch 160: train=0.0492, val=0.0463
  Epoch 170: train=0.0501, val=0.0463
  Epoch 180: train=0.0495, val=0.0463
  Epoch 190: train=0.0493, val=0.0463
  Early stop at epoch 196
Training Y-axis model...
  Epoch 10: train=0.0684, val=0.0562
  Epoch 20: train=0.0585, val=0.0494
  Epoch 30: train=0.0546, val=0.0481
  Epoch 40: train=0.0503, val=0.0447
  Epoch 50: train=0.0485, val=0.0446
  Epoch 60: train=0.0474, val=0.0448
  Epoch 70: train=0.0461, val=0.0436
  Epoch 80: train=0.0450, val=0.0435
  Epoch 90: train=0.0442, val=0.0430
  Epoch 100: train=0.0441, val=0.0430
  Epoch 110: train=0.0443, val=0.0430
  Epoch 120: train=0.0442, val=0.0430
  Epoch 130: train=0.0440, val=0.0430
  Epoch 140: train=0.0443, val=0.0430
  Epoch 150: train=0.0440, val=0.0430
  Epoch 160: train=0.0444, val=0.0430
  Epoch 170: train=0.0442, val=0.0430
  Epoch 180: train=0.0438, val=0.0430
  Early stop at epoch 184

Fold 2 - X loss: 0.04629, Y loss: 0.04296

============================================================
Fold 3/5
============================================================
Training X-axis model...
  Epoch 10: train=0.0729, val=0.0615
  Epoch 20: train=0.0635, val=0.0555
  Epoch 30: train=0.0589, val=0.0507
  Epoch 40: train=0.0559, val=0.0489
  Epoch 50: train=0.0550, val=0.0484
  Epoch 60: train=0.0540, val=0.0481
  Epoch 70: train=0.0530, val=0.0474
  Epoch 80: train=0.0530, val=0.0473
  Epoch 90: train=0.0528, val=0.0473
  Epoch 100: train=0.0529, val=0.0473
  Epoch 110: train=0.0524, val=0.0473
  Epoch 120: train=0.0522, val=0.0472
  Epoch 130: train=0.0527, val=0.0473
  Epoch 140: train=0.0524, val=0.0473
  Epoch 150: train=0.0521, val=0.0473
  Epoch 160: train=0.0526, val=0.0473
  Epoch 170: train=0.0527, val=0.0473
  Epoch 180: train=0.0524, val=0.0473
  Epoch 190: train=0.0527, val=0.0473
  Early stop at epoch 198
Training Y-axis model...
  Epoch 10: train=0.0681, val=0.0536
  Epoch 20: train=0.0583, val=0.0496
  Epoch 30: train=0.0541, val=0.0464
  Epoch 40: train=0.0497, val=0.0447
  Epoch 50: train=0.0476, val=0.0439
  Epoch 60: train=0.0470, val=0.0442
  Epoch 70: train=0.0457, val=0.0438
  Epoch 80: train=0.0453, val=0.0432
  Epoch 90: train=0.0459, val=0.0432
  Epoch 100: train=0.0448, val=0.0432
  Epoch 110: train=0.0450, val=0.0431
  Epoch 120: train=0.0449, val=0.0431
  Epoch 130: train=0.0452, val=0.0430
  Epoch 140: train=0.0451, val=0.0431
  Epoch 150: train=0.0449, val=0.0431
  Epoch 160: train=0.0448, val=0.0431
  Epoch 170: train=0.0446, val=0.0431
  Epoch 180: train=0.0444, val=0.0431
  Early stop at epoch 187

Fold 3 - X loss: 0.04721, Y loss: 0.04303

============================================================
Fold 4/5
============================================================
Training X-axis model...
  Epoch 10: train=0.0747, val=0.0548
  Epoch 20: train=0.0638, val=0.0487
  Epoch 30: train=0.0594, val=0.0471
  Epoch 40: train=0.0574, val=0.0455
  Epoch 50: train=0.0554, val=0.0443
  Epoch 60: train=0.0536, val=0.0439
  Epoch 70: train=0.0538, val=0.0438
  Epoch 80: train=0.0532, val=0.0435
  Epoch 90: train=0.0522, val=0.0434
  Epoch 100: train=0.0524, val=0.0433
  Epoch 110: train=0.0515, val=0.0432
  Epoch 120: train=0.0517, val=0.0432
  Epoch 130: train=0.0518, val=0.0432
  Epoch 140: train=0.0517, val=0.0432
  Epoch 150: train=0.0523, val=0.0432
  Epoch 160: train=0.0521, val=0.0432
  Epoch 170: train=0.0522, val=0.0432
  Epoch 180: train=0.0514, val=0.0432
  Early stop at epoch 185
Training Y-axis model...
  Epoch 10: train=0.0699, val=0.0501
  Epoch 20: train=0.0596, val=0.0457
  Epoch 30: train=0.0553, val=0.0424
  Epoch 40: train=0.0524, val=0.0427
  Epoch 50: train=0.0494, val=0.0403
  Epoch 60: train=0.0482, val=0.0406
  Epoch 70: train=0.0471, val=0.0386
  Epoch 80: train=0.0465, val=0.0384
  Epoch 90: train=0.0465, val=0.0383
  Epoch 100: train=0.0458, val=0.0382
  Epoch 110: train=0.0459, val=0.0382
  Epoch 120: train=0.0463, val=0.0382
  Epoch 130: train=0.0461, val=0.0382
  Epoch 140: train=0.0464, val=0.0382
  Epoch 150: train=0.0462, val=0.0382
  Epoch 160: train=0.0465, val=0.0382
  Epoch 170: train=0.0463, val=0.0382
  Early stop at epoch 175

Fold 4 - X loss: 0.04321, Y loss: 0.03819

============================================================
Fold 5/5
============================================================
Training X-axis model...
  Epoch 10: train=0.0738, val=0.0536
  Epoch 20: train=0.0664, val=0.0490
  Epoch 30: train=0.0597, val=0.0470
  Epoch 40: train=0.0577, val=0.0462
  Epoch 50: train=0.0561, val=0.0451
  Epoch 60: train=0.0563, val=0.0451
  Epoch 70: train=0.0546, val=0.0445
  Epoch 80: train=0.0539, val=0.0445
  Epoch 90: train=0.0536, val=0.0441
  Epoch 100: train=0.0536, val=0.0441
  Epoch 110: train=0.0530, val=0.0440
  Epoch 120: train=0.0532, val=0.0439
  Epoch 130: train=0.0531, val=0.0439
  Epoch 140: train=0.0530, val=0.0439
  Epoch 150: train=0.0527, val=0.0439
  Epoch 160: train=0.0526, val=0.0439
  Epoch 170: train=0.0527, val=0.0439
  Epoch 180: train=0.0534, val=0.0439
  Epoch 190: train=0.0524, val=0.0439
  Epoch 200: train=0.0521, val=0.0439
  Epoch 210: train=0.0525, val=0.0439
  Early stop at epoch 212
Training Y-axis model...
  Epoch 10: train=0.0701, val=0.0532
  Epoch 20: train=0.0597, val=0.0450
  Epoch 30: train=0.0548, val=0.0459
  Epoch 40: train=0.0522, val=0.0427
  Epoch 50: train=0.0500, val=0.0420
  Epoch 60: train=0.0465, val=0.0415
  Epoch 70: train=0.0446, val=0.0414
  Epoch 80: train=0.0447, val=0.0410
  Epoch 90: train=0.0436, val=0.0406
  Epoch 100: train=0.0431, val=0.0404
  Epoch 110: train=0.0433, val=0.0404
  Epoch 120: train=0.0428, val=0.0404
  Epoch 130: train=0.0425, val=0.0404
  Epoch 140: train=0.0432, val=0.0404
  Epoch 150: train=0.0428, val=0.0404
  Epoch 160: train=0.0430, val=0.0404
  Epoch 170: train=0.0431, val=0.0404
  Epoch 180: train=0.0431, val=0.0404
  Early stop at epoch 182

Fold 5 - X loss: 0.04388, Y loss: 0.04034


V5 performance log:

============================================================
Fold 1/5
============================================================
Training X-axis model...
  Epoch 10: train=0.0663, val=0.0643
  Epoch 20: train=0.0585, val=0.0500
  Epoch 30: train=0.0535, val=0.0471
  Epoch 40: train=0.0502, val=0.0447
  Epoch 50: train=0.0493, val=0.0451
  Epoch 60: train=0.0471, val=0.0426
  Epoch 70: train=0.0462, val=0.0430
  Epoch 80: train=0.0461, val=0.0427
  Epoch 90: train=0.0458, val=0.0428
  Epoch 100: train=0.0460, val=0.0428
  Epoch 110: train=0.0456, val=0.0427
  Epoch 120: train=0.0448, val=0.0427
  Epoch 130: train=0.0455, val=0.0427
  Epoch 140: train=0.0458, val=0.0427
  Epoch 150: train=0.0453, val=0.0427
  Epoch 160: train=0.0451, val=0.0427
  Early stop at epoch 160
Training Y-axis model...
  Epoch 10: train=0.0603, val=0.0458
  Epoch 20: train=0.0526, val=0.0435
  Epoch 30: train=0.0492, val=0.0433
  Epoch 40: train=0.0457, val=0.0401
  Epoch 50: train=0.0440, val=0.0398
  Epoch 60: train=0.0428, val=0.0392
  Epoch 70: train=0.0419, val=0.0391
  Epoch 80: train=0.0423, val=0.0392
  Epoch 90: train=0.0421, val=0.0392
  Epoch 100: train=0.0410, val=0.0391
  Epoch 110: train=0.0419, val=0.0391
  Epoch 120: train=0.0413, val=0.0391
  Epoch 130: train=0.0421, val=0.0391
  Epoch 140: train=0.0412, val=0.0391
  Epoch 150: train=0.0416, val=0.0391
  Epoch 160: train=0.0418, val=0.0391
  Epoch 170: train=0.0413, val=0.0391
  Epoch 180: train=0.0425, val=0.0391
  Early stop at epoch 187

Fold 1 - X loss: 0.04262, Y loss: 0.03901

============================================================
Fold 2/5
============================================================
Training X-axis model...
  Epoch 10: train=0.0648, val=0.0560
  Epoch 20: train=0.0558, val=0.0477
  Epoch 30: train=0.0524, val=0.0480
  Epoch 40: train=0.0492, val=0.0485
  Epoch 50: train=0.0473, val=0.0470
  Epoch 60: train=0.0465, val=0.0464
  Epoch 70: train=0.0458, val=0.0468
  Epoch 80: train=0.0459, val=0.0461
  Epoch 90: train=0.0461, val=0.0463
  Epoch 100: train=0.0455, val=0.0463
  Epoch 110: train=0.0461, val=0.0462
  Epoch 120: train=0.0457, val=0.0462
  Epoch 130: train=0.0453, val=0.0462
  Epoch 140: train=0.0457, val=0.0462
  Epoch 150: train=0.0455, val=0.0462
  Epoch 160: train=0.0457, val=0.0462
  Epoch 170: train=0.0459, val=0.0462
  Epoch 180: train=0.0463, val=0.0462
  Early stop at epoch 180
Training Y-axis model...
  Epoch 10: train=0.0586, val=0.0506
  Epoch 20: train=0.0525, val=0.0490
  Epoch 30: train=0.0479, val=0.0461
  Epoch 40: train=0.0430, val=0.0440
  Epoch 50: train=0.0393, val=0.0435
  Epoch 60: train=0.0379, val=0.0431
  Epoch 70: train=0.0372, val=0.0430
  Epoch 80: train=0.0373, val=0.0429
  Epoch 90: train=0.0369, val=0.0429
  Epoch 100: train=0.0369, val=0.0429
  Epoch 110: train=0.0373, val=0.0429
  Epoch 120: train=0.0371, val=0.0429
  Epoch 130: train=0.0370, val=0.0429
  Epoch 140: train=0.0367, val=0.0429
  Epoch 150: train=0.0369, val=0.0429
  Epoch 160: train=0.0365, val=0.0429
  Epoch 170: train=0.0368, val=0.0429
  Early stop at epoch 179

Fold 2 - X loss: 0.04613, Y loss: 0.04289

============================================================
Fold 3/5
============================================================
Training X-axis model...
  Epoch 10: train=0.0649, val=0.0546
  Epoch 20: train=0.0580, val=0.0613
  Epoch 30: train=0.0520, val=0.0484
  Epoch 40: train=0.0481, val=0.0477
  Epoch 50: train=0.0475, val=0.0478
  Epoch 60: train=0.0450, val=0.0471
  Epoch 70: train=0.0436, val=0.0470
  Epoch 80: train=0.0438, val=0.0470
  Epoch 90: train=0.0433, val=0.0469
  Epoch 100: train=0.0435, val=0.0468
  Epoch 110: train=0.0431, val=0.0469
  Epoch 120: train=0.0428, val=0.0469
  Epoch 130: train=0.0429, val=0.0469
  Epoch 140: train=0.0427, val=0.0469
  Epoch 150: train=0.0428, val=0.0469
  Epoch 160: train=0.0432, val=0.0469
  Epoch 170: train=0.0425, val=0.0469
  Early stop at epoch 171
Training Y-axis model...
  Epoch 10: train=0.0598, val=0.0499
  Epoch 20: train=0.0524, val=0.0453
  Epoch 30: train=0.0459, val=0.0445
  Epoch 40: train=0.0430, val=0.0434
  Epoch 50: train=0.0404, val=0.0433
  Epoch 60: train=0.0396, val=0.0433
  Epoch 70: train=0.0391, val=0.0431
  Epoch 80: train=0.0389, val=0.0430
  Epoch 90: train=0.0384, val=0.0430
  Epoch 100: train=0.0390, val=0.0429
  Epoch 110: train=0.0387, val=0.0430
  Epoch 120: train=0.0386, val=0.0430
  Epoch 130: train=0.0387, val=0.0430
  Epoch 140: train=0.0386, val=0.0430
  Epoch 150: train=0.0386, val=0.0430
  Epoch 160: train=0.0387, val=0.0430
  Early stop at epoch 166

Fold 3 - X loss: 0.04678, Y loss: 0.04287

============================================================
Fold 4/5
============================================================
Training X-axis model...
  Epoch 10: train=0.0652, val=0.0495
  Epoch 20: train=0.0579, val=0.0461
  Epoch 30: train=0.0547, val=0.0504
  Epoch 40: train=0.0497, val=0.0463
  Epoch 50: train=0.0460, val=0.0447
  Epoch 60: train=0.0443, val=0.0434
  Epoch 70: train=0.0429, val=0.0434
  Epoch 80: train=0.0432, val=0.0434
  Epoch 90: train=0.0427, val=0.0433
  Epoch 100: train=0.0432, val=0.0433
  Epoch 110: train=0.0425, val=0.0433
  Epoch 120: train=0.0428, val=0.0433
  Epoch 130: train=0.0428, val=0.0433
  Epoch 140: train=0.0425, val=0.0433
  Epoch 150: train=0.0431, val=0.0433
  Epoch 160: train=0.0436, val=0.0433
  Epoch 170: train=0.0438, val=0.0433
  Epoch 180: train=0.0426, val=0.0433
  Early stop at epoch 186
Training Y-axis model...
  Epoch 10: train=0.0621, val=0.0573
  Epoch 20: train=0.0539, val=0.0487
  Epoch 30: train=0.0476, val=0.0396
  Epoch 40: train=0.0450, val=0.0405
  Epoch 50: train=0.0417, val=0.0381
  Epoch 60: train=0.0413, val=0.0381
  Epoch 70: train=0.0405, val=0.0380
  Epoch 80: train=0.0395, val=0.0380
  Epoch 90: train=0.0393, val=0.0380
  Epoch 100: train=0.0394, val=0.0379
  Epoch 110: train=0.0392, val=0.0379
  Epoch 120: train=0.0385, val=0.0379
  Epoch 130: train=0.0388, val=0.0379
  Epoch 140: train=0.0394, val=0.0379
  Epoch 150: train=0.0387, val=0.0379
  Early stop at epoch 159

Fold 4 - X loss: 0.04323, Y loss: 0.03777

============================================================
Fold 5/5
============================================================
Training X-axis model...
  Epoch 10: train=0.0648, val=0.0526
  Epoch 20: train=0.0596, val=0.0578
  Epoch 30: train=0.0562, val=0.0466
  Epoch 40: train=0.0487, val=0.0453
  Epoch 50: train=0.0451, val=0.0441
  Epoch 60: train=0.0438, val=0.0437
  Epoch 70: train=0.0426, val=0.0441
  Epoch 80: train=0.0420, val=0.0437
  Epoch 90: train=0.0419, val=0.0436
  Epoch 100: train=0.0414, val=0.0436
  Epoch 110: train=0.0418, val=0.0436
  Epoch 120: train=0.0415, val=0.0436
  Epoch 130: train=0.0419, val=0.0436
  Epoch 140: train=0.0419, val=0.0436
  Epoch 150: train=0.0418, val=0.0436
  Epoch 160: train=0.0421, val=0.0436
  Epoch 170: train=0.0420, val=0.0436
  Early stop at epoch 174
Training Y-axis model...
  Epoch 10: train=0.0613, val=0.0485
  Epoch 20: train=0.0520, val=0.0462
  Epoch 30: train=0.0480, val=0.0425
  Epoch 40: train=0.0455, val=0.0421
  Epoch 50: train=0.0437, val=0.0406
  Epoch 60: train=0.0434, val=0.0407
  Epoch 70: train=0.0426, val=0.0406
  Epoch 80: train=0.0429, val=0.0406
  Epoch 90: train=0.0429, val=0.0405
  Epoch 100: train=0.0425, val=0.0405
  Epoch 110: train=0.0431, val=0.0405
  Epoch 120: train=0.0427, val=0.0405
  Epoch 130: train=0.0420, val=0.0405
  Epoch 140: train=0.0423, val=0.0405
  Epoch 150: train=0.0427, val=0.0405
  Epoch 160: train=0.0428, val=0.0405
  Epoch 170: train=0.0426, val=0.0405
  Epoch 180: train=0.0429, val=0.0405
  Epoch 190: train=0.0428, val=0.0405
  Epoch 200: train=0.0423, val=0.0405
  Early stop at epoch 209

Fold 5 - X loss: 0.04355, Y loss: 0.04047

V1 Benchmark performance log:

============================================================
Fold 1/5
============================================================
2489.0s	36	Training X-axis model...
2637.5s	37	  Epoch 10: train=0.0637, val=0.0570
2787.1s	38	  Epoch 20: train=0.0498, val=0.0475
2941.6s	39	  Epoch 30: train=0.0444, val=0.0483
3097.7s	40	  Epoch 40: train=0.0419, val=0.0474
3257.2s	41	  Epoch 50: train=0.0392, val=0.0467
3420.6s	42	  Epoch 60: train=0.0389, val=0.0467
3583.6s	43	  Epoch 70: train=0.0383, val=0.0467
3747.1s	44	  Epoch 80: train=0.0377, val=0.0465
3910.1s	45	  Epoch 90: train=0.0377, val=0.0466
4072.1s	46	  Epoch 100: train=0.0375, val=0.0466
4155.2s	47	  Early stop at epoch 105
4155.2s	48	Training Y-axis model...
4292.9s	49	  Epoch 10: train=0.0545, val=0.0471
4493.9s	50	  Epoch 20: train=0.0482, val=0.0472
4694.7s	51	  Epoch 30: train=0.0387, val=0.0434
4851.0s	52	  Epoch 40: train=0.0346, val=0.0439
4995.0s	53	  Epoch 50: train=0.0328, val=0.0440
5136.6s	54	  Epoch 60: train=0.0316, val=0.0435
5278.2s	55	  Epoch 70: train=0.0311, val=0.0434
5418.1s	56	  Epoch 80: train=0.0312, val=0.0434
5557.8s	57	  Epoch 90: train=0.0310, val=0.0434
5660.0s	58	  Early stop at epoch 97
5660.0s	59	
5660.0s	60	Fold 1 - X loss: 0.04651, Y loss: 0.04326
5660.0s	61	
============================================================
Fold 2/5
============================================================
5670.8s	65	Training X-axis model...
5811.0s	66	  Epoch 10: train=0.0619, val=0.0631
5975.2s	67	  Epoch 20: train=0.0498, val=0.0518
6158.3s	68	  Epoch 30: train=0.0432, val=0.0484
6337.9s	69	  Epoch 40: train=0.0415, val=0.0495
6502.8s	70	  Epoch 50: train=0.0379, val=0.0478
6660.9s	71	  Epoch 60: train=0.0371, val=0.0479
6814.8s	72	  Epoch 70: train=0.0358, val=0.0479
6966.4s	73	  Epoch 80: train=0.0359, val=0.0475
7073.8s	74	  Early stop at epoch 87
7073.8s	75	Training Y-axis model...
7215.5s	76	  Epoch 10: train=0.0547, val=0.0553
7384.3s	77	  Epoch 20: train=0.0455, val=0.0451
7547.1s	78	  Epoch 30: train=0.0393, val=0.0448
7692.8s	79	  Epoch 40: train=0.0357, val=0.0439
7833.7s	80	  Epoch 50: train=0.0340, val=0.0438
7974.8s	81	  Epoch 60: train=0.0329, val=0.0438
8115.6s	82	  Epoch 70: train=0.0323, val=0.0438
8161.9s	83	  Early stop at epoch 73
8161.9s	84	
8161.9s	85	Fold 2 - X loss: 0.04738, Y loss: 0.04353
8161.9s	86	
============================================================
Fold 3/5
============================================================
8170.1s	90	Training X-axis model...
8323.2s	91	  Epoch 10: train=0.0596, val=0.0568
8514.2s	92	  Epoch 20: train=0.0504, val=0.0517
8705.9s	93	  Epoch 30: train=0.0431, val=0.0514
8901.3s	94	  Epoch 40: train=0.0400, val=0.0498
9094.7s	95	  Epoch 50: train=0.0377, val=0.0496
9284.9s	96	  Epoch 60: train=0.0375, val=0.0496
9474.1s	97	  Epoch 70: train=0.0370, val=0.0494
9663.0s	98	  Epoch 80: train=0.0370, val=0.0495
9852.4s	99	  Epoch 90: train=0.0366, val=0.0494
10041.5s	100	  Epoch 100: train=0.0370, val=0.0494
10135.5s	101	  Early stop at epoch 105
10135.5s	102	Training Y-axis model...
10274.8s	103	  Epoch 10: train=0.0554, val=0.0477
10451.4s	104	  Epoch 20: train=0.0477, val=0.0463
10638.4s	105	  Epoch 30: train=0.0393, val=0.0487
10851.5s	106	  Epoch 40: train=0.0346, val=0.0458
11008.3s	107	  Epoch 50: train=0.0310, val=0.0446
11149.6s	108	  Epoch 60: train=0.0299, val=0.0445
11288.4s	109	  Epoch 70: train=0.0289, val=0.0441
11428.4s	110	  Epoch 80: train=0.0283, val=0.0441
11567.4s	111	  Epoch 90: train=0.0282, val=0.0440
11707.3s	112	  Epoch 100: train=0.0281, val=0.0440
11847.1s	113	  Epoch 110: train=0.0281, val=0.0440
11951.3s	114	  Early stop at epoch 117
11951.3s	115	
11951.3s	116	Fold 3 - X loss: 0.04940, Y loss: 0.04398
11951.3s	117	
============================================================
Fold 4/5
============================================================
11963.8s	121	Training X-axis model...
12102.7s	122	  Epoch 10: train=0.0613, val=0.0542
12283.6s	123	  Epoch 20: train=0.0547, val=0.0546
12492.7s	124	  Epoch 30: train=0.0513, val=0.0550
12680.5s	125	  Epoch 40: train=0.0385, val=0.0490
12841.3s	126	  Epoch 50: train=0.0351, val=0.0489
12980.0s	127	  Epoch 60: train=0.0332, val=0.0488
13113.4s	128	  Epoch 70: train=0.0325, val=0.0490
13247.5s	129	  Epoch 80: train=0.0323, val=0.0492
13380.6s	130	  Epoch 90: train=0.0320, val=0.0492
13380.6s	131	  Early stop at epoch 90
13380.6s	132	Training Y-axis model...
13525.8s	133	  Epoch 10: train=0.0565, val=0.0520
13727.3s	134	  Epoch 20: train=0.0513, val=0.0480
13937.0s	135	  Epoch 30: train=0.0408, val=0.0427
14122.9s	136	  Epoch 40: train=0.0346, val=0.0415
14292.3s	137	  Epoch 50: train=0.0329, val=0.0411
14450.9s	138	  Epoch 60: train=0.0318, val=0.0411
14603.3s	139	  Epoch 70: train=0.0312, val=0.0412
14753.2s	140	  Epoch 80: train=0.0308, val=0.0413
14821.5s	141	  Early stop at epoch 84
14821.5s	142	
14821.5s	143	Fold 4 - X loss: 0.04876, Y loss: 0.04089
14821.5s	144	
============================================================
Fold 5/5
============================================================
14829.7s	148	Training X-axis model...
14974.0s	149	  Epoch 10: train=0.0607, val=0.0583
15147.9s	150	  Epoch 20: train=0.0520, val=0.0466
15314.3s	151	  Epoch 30: train=0.0466, val=0.0481
15465.4s	152	  Epoch 40: train=0.0422, val=0.0441
15609.9s	153	  Epoch 50: train=0.0417, val=0.0441
15756.5s	154	  Epoch 60: train=0.0411, val=0.0438
15901.2s	155	  Epoch 70: train=0.0407, val=0.0437
16046.0s	156	  Epoch 80: train=0.0404, val=0.0437
16191.6s	157	  Epoch 90: train=0.0407, val=0.0437
16263.5s	158	  Early stop at epoch 95
16263.5s	159	Training Y-axis model...
16403.8s	160	  Epoch 10: train=0.0557, val=0.0497
16563.7s	161	  Epoch 20: train=0.0484, val=0.0502
16755.7s	162	  Epoch 30: train=0.0429, val=0.0503
16937.1s	163	  Epoch 40: train=0.0332, val=0.0442
17087.2s	164	  Epoch 50: train=0.0303, val=0.0441
17226.4s	165	  Epoch 60: train=0.0287, val=0.0436
17363.1s	166	  Epoch 70: train=0.0283, val=0.0430
17500.3s	167	  Epoch 80: train=0.0279, val=0.0430
17637.5s	168	  Epoch 90: train=0.0277, val=0.0431
17775.3s	169	  Epoch 100: train=0.0279, val=0.0430
17775.3s	170	  Early stop at epoch 100
17775.3s	171	
17775.3s	172	Fold 5 - X loss: 0.04361, Y loss: 0.04296

V1 Benchmark performance (LR=1e-3,Epoch=200):
X loss: [0.04651, 0.04738, 0.04940, 0.04876, 0.04361]
Y loss: [0.04326, 0.04353, 0.04398, 0.04089, 0.04296]
Avg X,Y loss: [0.04713, 0.04292]

V2 GNN performance: (r=30,KN=6,τ=8,LR=1e-3,Epoch=200):
X loss: [0.04442, 0.04835, 0.04914, 0.04391, 0.04452]
Y loss: [0.04032, 0.04484, 0.04401, 0.04007, 0.04128]
Avg X,Y loss: [0.04606, 0.04210]

V3 performance (r=15,KN=5,τ=6,LR=1e-4,Epoch=500):
X loss: [0.04307, 0.04748, 0.04826, 0.04364, 0.04466]
Y loss: [0.03976, 0.04377, 0.04316, 0.03841, 0.04113]
Avg X,Y loss: [0.04542, 0.04125]

V4 performance (r=15,KN=5,τ=6,LR=2e-4,Epoch=800)
X loss: [0.04283, 0.04692, 0.04743, 0.04382, 0.04440] 
Y loss: [0.03903, 0.04290, 0.04305, 0.03770, 0.04053]
Avg X,Y loss: [0.04508, 0.04062]

V5A performance (GRU:num_layers=3,pos_encoding)
X loss: [0.04334, 0.04629, 0.04721, 0.04321, 0.04388]
Y loss: [0.03877, 0.04296, 0.04303, 0.03819, 0.04034]
Avg X,Y loss: [0.04479, 0.04065]

V5 performance (LR=4e-4,Epoch=1000,HidDim=256,Conv1D)
X loss: [0.04262, 0.04613, 0.04678, 0.04323, 0.04355]
Y loss: [0.03901, 0.04289, 0.04287, 0.03777, 0.04047]
Avg X,Y loss: [0.04446, 0.04060]