 ~/nfl26/ source /Users/goge/miniconda3/bin/activate chat
(chat)  ~/nfl26/ /Users/goge/miniconda3/envs/chat/bin/python /Users/goge/nfl26/main_mps.py
Loading training data...
100%|█████████████████████████████████████████████████████████████| 18/18 [00:05<00:00,  3.33it/s]
Train input:  (4880579, 23)
Train output: (562936, 6)

Engineering features on train…
Computing neighbor embeddings (train)…
Train rows (pre-merge GNN): (562936, 102)
Physics baseline RMSE: 4.23701
Using 102 features (incl. GNN-lite).

==================================================
Training CatBoost Models
==================================================
Using GroupKFold by (game_id,play_id,nfl_id).

Fold 1/5 — train 450,339 | val 112,583
0:      learn: 4.3876477        test: 4.3015606 best: 4.3015606 (0)     total: 153ms    remaining: 51m
200:    learn: 0.6111650        test: 0.9336435 best: 0.9333762 (199)   total: 14.3s    remaining: 23m 28s
400:    learn: 0.4891814        test: 0.9098081 best: 0.9098081 (400)   total: 28.5s    remaining: 23m 12s
600:    learn: 0.4225419        test: 0.8932699 best: 0.8932699 (600)   total: 42.6s    remaining: 22m 56s
800:    learn: 0.3768855        test: 0.8860213 best: 0.8859228 (795)   total: 56.7s    remaining: 22m 40s
1000:   learn: 0.3421006        test: 0.8841097 best: 0.8839193 (968)   total: 1m 11s   remaining: 22m 29s
1200:   learn: 0.3150432        test: 0.8821082 best: 0.8819040 (1189)  total: 1m 25s   remaining: 22m 24s
1400:   learn: 0.2934825        test: 0.8788592 best: 0.8787887 (1378)  total: 1m 40s   remaining: 22m 16s
1600:   learn: 0.2747504        test: 0.8769084 best: 0.8766098 (1591)  total: 1m 55s   remaining: 22m 5s
1800:   learn: 0.2592427        test: 0.8753652 best: 0.8752343 (1758)  total: 2m 10s   remaining: 21m 53s
2000:   learn: 0.2458548        test: 0.8740656 best: 0.8740385 (1999)  total: 2m 24s   remaining: 21m 41s
2200:   learn: 0.2340380        test: 0.8741493 best: 0.8740163 (2017)  total: 2m 39s   remaining: 21m 29s
2400:   learn: 0.2236175        test: 0.8738219 best: 0.8736884 (2374)  total: 2m 53s   remaining: 21m 14s
2600:   learn: 0.2141880        test: 0.8724452 best: 0.8724452 (2600)  total: 3m 8s    remaining: 21m
2800:   learn: 0.2056540        test: 0.8717984 best: 0.8717815 (2797)  total: 3m 23s   remaining: 20m 46s
3000:   learn: 0.1979791        test: 0.8719479 best: 0.8714740 (2931)  total: 3m 37s   remaining: 20m 31s
3200:   learn: 0.1910702        test: 0.8711343 best: 0.8710392 (3148)  total: 3m 51s   remaining: 20m 16s
3400:   learn: 0.1847204        test: 0.8706178 best: 0.8705181 (3360)  total: 4m 6s    remaining: 20m 2s
3600:   learn: 0.1788558        test: 0.8704691 best: 0.8703103 (3585)  total: 4m 21s   remaining: 19m 50s
3800:   learn: 0.1734438        test: 0.8700766 best: 0.8698343 (3774)  total: 4m 36s   remaining: 19m 36s
4000:   learn: 0.1684174        test: 0.8699844 best: 0.8696254 (3944)  total: 4m 50s   remaining: 19m 22s
4200:   learn: 0.1637744        test: 0.8697444 best: 0.8696254 (3944)  total: 5m 5s    remaining: 19m 7s
4400:   learn: 0.1592665        test: 0.8704664 best: 0.8696254 (3944)  total: 5m 19s   remaining: 18m 53s
Stopped by overfitting detector  (500 iterations wait)

bestTest = 0.8696253603
bestIteration = 3944

Shrink model to first 3945 iterations.
0:      learn: 3.4687538        test: 3.4751522 best: 3.4751522 (0)     total: 99.5ms   remaining: 33m 10s
200:    learn: 0.5712517        test: 0.6911569 best: 0.6909909 (199)   total: 14.3s    remaining: 23m 30s
400:    learn: 0.4601857        test: 0.6648552 best: 0.6648552 (400)   total: 28s      remaining: 22m 50s
600:    learn: 0.3976330        test: 0.6557766 best: 0.6557766 (600)   total: 42s      remaining: 22m 34s
800:    learn: 0.3542072        test: 0.6519949 best: 0.6517084 (792)   total: 56.1s    remaining: 22m 25s
1000:   learn: 0.3224092        test: 0.6483836 best: 0.6483476 (998)   total: 1m 10s   remaining: 22m 19s
1200:   learn: 0.2976716        test: 0.6473245 best: 0.6468480 (1164)  total: 1m 24s   remaining: 22m 8s
1400:   learn: 0.2773516        test: 0.6473167 best: 0.6467388 (1223)  total: 1m 39s   remaining: 21m 57s
1600:   learn: 0.2600867        test: 0.6456755 best: 0.6456129 (1589)  total: 1m 54s   remaining: 21m 53s
1800:   learn: 0.2452617        test: 0.6451960 best: 0.6451700 (1789)  total: 2m 9s    remaining: 21m 46s
2000:   learn: 0.2324588        test: 0.6442948 best: 0.6442875 (1992)  total: 2m 23s   remaining: 21m 33s
2200:   learn: 0.2213658        test: 0.6427176 best: 0.6425671 (2189)  total: 2m 38s   remaining: 21m 20s
2400:   learn: 0.2116025        test: 0.6426516 best: 0.6422782 (2284)  total: 2m 52s   remaining: 21m 6s
2600:   learn: 0.2027737        test: 0.6420689 best: 0.6419430 (2562)  total: 3m 7s    remaining: 20m 55s
2800:   learn: 0.1946788        test: 0.6416671 best: 0.6416671 (2800)  total: 3m 22s   remaining: 20m 42s
3000:   learn: 0.1871344        test: 0.6408401 best: 0.6407973 (2990)  total: 3m 36s   remaining: 20m 29s
3200:   learn: 0.1804852        test: 0.6403219 best: 0.6402711 (3195)  total: 3m 51s   remaining: 20m 15s
3400:   learn: 0.1743076        test: 0.6401840 best: 0.6399774 (3359)  total: 4m 6s    remaining: 20m 2s
3600:   learn: 0.1686423        test: 0.6399526 best: 0.6398987 (3596)  total: 4m 20s   remaining: 19m 47s
3800:   learn: 0.1633964        test: 0.6394401 best: 0.6394016 (3798)  total: 4m 35s   remaining: 19m 32s
4000:   learn: 0.1584525        test: 0.6391883 best: 0.6391735 (3963)  total: 4m 49s   remaining: 19m 17s
4200:   learn: 0.1539692        test: 0.6387675 best: 0.6387675 (4200)  total: 5m 3s    remaining: 19m 2s
4400:   learn: 0.1497071        test: 0.6385220 best: 0.6384478 (4330)  total: 5m 18s   remaining: 18m 49s
4600:   learn: 0.1459340        test: 0.6385115 best: 0.6384108 (4559)  total: 5m 33s   remaining: 18m 35s
4800:   learn: 0.1421731        test: 0.6379991 best: 0.6379961 (4799)  total: 5m 47s   remaining: 18m 21s
5000:   learn: 0.1385354        test: 0.6379986 best: 0.6378452 (4922)  total: 6m 2s    remaining: 18m 7s
5200:   learn: 0.1352235        test: 0.6377212 best: 0.6376631 (5183)  total: 6m 17s   remaining: 17m 54s
5400:   learn: 0.1321316        test: 0.6372338 best: 0.6372103 (5397)  total: 6m 32s   remaining: 17m 39s
5600:   learn: 0.1290679        test: 0.6369524 best: 0.6369153 (5582)  total: 6m 47s   remaining: 17m 27s
5800:   learn: 0.1262986        test: 0.6370714 best: 0.6368260 (5692)  total: 7m 1s    remaining: 17m 12s
6000:   learn: 0.1236489        test: 0.6372908 best: 0.6368260 (5692)  total: 7m 16s   remaining: 16m 58s
Stopped by overfitting detector  (500 iterations wait)

bestTest = 0.6368259753
bestIteration = 5692

Shrink model to first 5693 iterations.
Fold 1 RMSE: 0.72996

Fold 2/5 — train 450,339 | val 112,583
0:      learn: 4.3490587        test: 4.4592396 best: 4.4592396 (0)     total: 90.3ms   remaining: 30m 4s
200:    learn: 0.6122909        test: 0.7900062 best: 0.7900062 (200)   total: 14.2s    remaining: 23m 22s
400:    learn: 0.4931731        test: 0.7575970 best: 0.7575970 (400)   total: 28.4s    remaining: 23m 8s
600:    learn: 0.4255872        test: 0.7434567 best: 0.7432915 (598)   total: 42.9s    remaining: 23m 6s
800:    learn: 0.3795151        test: 0.7367452 best: 0.7358857 (779)   total: 57.4s    remaining: 22m 55s
1000:   learn: 0.3451164        test: 0.7321396 best: 0.7319219 (996)   total: 1m 11s   remaining: 22m 41s
1200:   learn: 0.3181538        test: 0.7267781 best: 0.7266445 (1195)  total: 1m 26s   remaining: 22m 35s
1400:   learn: 0.2959644        test: 0.7243320 best: 0.7243296 (1392)  total: 1m 41s   remaining: 22m 28s
1600:   learn: 0.2776248        test: 0.7217920 best: 0.7216948 (1599)  total: 1m 56s   remaining: 22m 17s
1800:   learn: 0.2621075        test: 0.7205343 best: 0.7204505 (1796)  total: 2m 10s   remaining: 22m 3s
2000:   learn: 0.2484473        test: 0.7190937 best: 0.7190937 (2000)  total: 2m 25s   remaining: 21m 50s
2200:   learn: 0.2367730        test: 0.7177015 best: 0.7175239 (2153)  total: 2m 40s   remaining: 21m 38s
2400:   learn: 0.2258653        test: 0.7163358 best: 0.7163358 (2400)  total: 2m 55s   remaining: 21m 27s
2600:   learn: 0.2164708        test: 0.7161844 best: 0.7159028 (2510)  total: 3m 10s   remaining: 21m 14s
2800:   learn: 0.2082637        test: 0.7156170 best: 0.7153549 (2740)  total: 3m 25s   remaining: 21m
3000:   learn: 0.2004465        test: 0.7151720 best: 0.7151720 (3000)  total: 3m 40s   remaining: 20m 48s
3200:   learn: 0.1934100        test: 0.7146679 best: 0.7145673 (3167)  total: 3m 55s   remaining: 20m 33s
3400:   learn: 0.1869016        test: 0.7144328 best: 0.7142851 (3382)  total: 4m 9s    remaining: 20m 18s
3600:   learn: 0.1810040        test: 0.7136647 best: 0.7136647 (3600)  total: 4m 27s   remaining: 20m 18s
3800:   learn: 0.1753800        test: 0.7138236 best: 0.7136160 (3714)  total: 4m 43s   remaining: 20m 9s
4000:   learn: 0.1700744        test: 0.7141806 best: 0.7136160 (3714)  total: 5m       remaining: 19m 59s
4200:   learn: 0.1651499        test: 0.7140355 best: 0.7136160 (3714)  total: 5m 16s   remaining: 19m 48s
Stopped by overfitting detector  (500 iterations wait)

bestTest = 0.7136159869
bestIteration = 3714

Shrink model to first 3715 iterations.
0:      learn: 3.4634773        test: 3.5018519 best: 3.5018519 (0)     total: 123ms    remaining: 40m 59s
200:    learn: 0.5669867        test: 0.7293630 best: 0.7293630 (200)   total: 15.5s    remaining: 25m 30s
400:    learn: 0.4571983        test: 0.6971891 best: 0.6971891 (400)   total: 31.5s    remaining: 25m 37s
600:    learn: 0.3961197        test: 0.6829375 best: 0.6829375 (600)   total: 47.2s    remaining: 25m 22s
800:    learn: 0.3541920        test: 0.6763467 best: 0.6757465 (787)   total: 1m 2s    remaining: 24m 57s
1000:   learn: 0.3221240        test: 0.6726220 best: 0.6726220 (1000)  total: 1m 18s   remaining: 24m 46s
1200:   learn: 0.2971436        test: 0.6689614 best: 0.6689614 (1200)  total: 1m 34s   remaining: 24m 34s
1400:   learn: 0.2768349        test: 0.6673442 best: 0.6669721 (1351)  total: 1m 49s   remaining: 24m 12s
1600:   learn: 0.2596657        test: 0.6650075 best: 0.6648388 (1598)  total: 2m 5s    remaining: 24m 4s
1800:   learn: 0.2446654        test: 0.6639121 best: 0.6636352 (1770)  total: 2m 21s   remaining: 23m 50s
2000:   learn: 0.2318339        test: 0.6629152 best: 0.6627113 (1979)  total: 2m 37s   remaining: 23m 38s
2200:   learn: 0.2206750        test: 0.6618821 best: 0.6618626 (2199)  total: 2m 54s   remaining: 23m 30s
2400:   learn: 0.2107240        test: 0.6615955 best: 0.6615806 (2306)  total: 3m 11s   remaining: 23m 25s
2600:   learn: 0.2019188        test: 0.6609875 best: 0.6606979 (2502)  total: 3m 27s   remaining: 23m 11s
2800:   learn: 0.1938801        test: 0.6603571 best: 0.6603399 (2795)  total: 3m 42s   remaining: 22m 46s
3000:   learn: 0.1864762        test: 0.6599007 best: 0.6598328 (2955)  total: 3m 57s   remaining: 22m 23s
3200:   learn: 0.1797384        test: 0.6599962 best: 0.6594799 (3138)  total: 4m 15s   remaining: 22m 22s
3400:   learn: 0.1738470        test: 0.6593111 best: 0.6591602 (3375)  total: 4m 33s   remaining: 22m 15s
3600:   learn: 0.1680314        test: 0.6590788 best: 0.6590017 (3571)  total: 4m 50s   remaining: 22m 1s
3800:   learn: 0.1627854        test: 0.6584811 best: 0.6584811 (3799)  total: 5m 6s    remaining: 21m 45s
4000:   learn: 0.1580151        test: 0.6581394 best: 0.6579545 (3973)  total: 5m 22s   remaining: 21m 28s
4200:   learn: 0.1534979        test: 0.6576563 best: 0.6576039 (4195)  total: 5m 38s   remaining: 21m 13s
4400:   learn: 0.1492684        test: 0.6574854 best: 0.6573345 (4375)  total: 5m 55s   remaining: 20m 59s
4600:   learn: 0.1453068        test: 0.6571336 best: 0.6571208 (4575)  total: 6m 13s   remaining: 20m 49s
4800:   learn: 0.1417018        test: 0.6573444 best: 0.6570960 (4617)  total: 6m 29s   remaining: 20m 33s
5000:   learn: 0.1381448        test: 0.6573156 best: 0.6570960 (4617)  total: 6m 46s   remaining: 20m 19s
Stopped by overfitting detector  (500 iterations wait)

bestTest = 0.6570960423
bestIteration = 4617

Shrink model to first 4618 iterations.
Fold 2 RMSE: 0.67478

Fold 3/5 — train 450,335 | val 112,587
0:      learn: 4.3791601        test: 4.3389632 best: 4.3389632 (0)     total: 109ms    remaining: 36m 14s
200:    learn: 0.6078715        test: 0.7605080 best: 0.7605080 (200)   total: 15.6s    remaining: 25m 39s
400:    learn: 0.4912109        test: 0.7344925 best: 0.7344925 (400)   total: 30.9s    remaining: 25m 8s
600:    learn: 0.4215748        test: 0.7204109 best: 0.7204109 (600)   total: 48.2s    remaining: 25m 55s
800:    learn: 0.3760523        test: 0.7146210 best: 0.7145290 (799)   total: 1m 5s    remaining: 26m 7s
1000:   learn: 0.3417195        test: 0.7102735 best: 0.7102329 (999)   total: 1m 22s   remaining: 26m 15s
1200:   learn: 0.3150670        test: 0.7062564 best: 0.7062264 (1191)  total: 1m 40s   remaining: 26m 20s
1400:   learn: 0.2938368        test: 0.7047684 best: 0.7047684 (1400)  total: 1m 57s   remaining: 25m 53s
1600:   learn: 0.2758913        test: 0.7020976 best: 0.7020976 (1600)  total: 2m 13s   remaining: 25m 34s
1800:   learn: 0.2600147        test: 0.7003650 best: 0.7003097 (1790)  total: 2m 32s   remaining: 25m 38s
2000:   learn: 0.2466988        test: 0.6989766 best: 0.6989484 (1995)  total: 2m 51s   remaining: 25m 42s
2200:   learn: 0.2351562        test: 0.6979539 best: 0.6978632 (2197)  total: 3m 7s    remaining: 25m 14s
2400:   learn: 0.2244896        test: 0.6971646 best: 0.6971591 (2399)  total: 3m 23s   remaining: 24m 55s
2600:   learn: 0.2150525        test: 0.6964343 best: 0.6964343 (2600)  total: 3m 42s   remaining: 24m 46s
2800:   learn: 0.2066089        test: 0.6957546 best: 0.6957546 (2800)  total: 4m       remaining: 24m 37s
3000:   learn: 0.1988146        test: 0.6948890 best: 0.6948302 (2994)  total: 4m 19s   remaining: 24m 32s
3200:   learn: 0.1918453        test: 0.6943741 best: 0.6942886 (3189)  total: 4m 36s   remaining: 24m 10s
3400:   learn: 0.1854777        test: 0.6939133 best: 0.6939056 (3399)  total: 4m 51s   remaining: 23m 42s
3600:   learn: 0.1796804        test: 0.6935892 best: 0.6935436 (3550)  total: 5m 6s    remaining: 23m 15s
3800:   learn: 0.1739396        test: 0.6931947 best: 0.6931490 (3774)  total: 5m 21s   remaining: 22m 50s
4000:   learn: 0.1688568        test: 0.6931172 best: 0.6930279 (3987)  total: 5m 36s   remaining: 22m 25s
4200:   learn: 0.1640929        test: 0.6930163 best: 0.6930141 (4196)  total: 5m 51s   remaining: 22m
4400:   learn: 0.1596759        test: 0.6927329 best: 0.6927229 (4371)  total: 6m 6s    remaining: 21m 38s
4600:   learn: 0.1554557        test: 0.6922456 best: 0.6922405 (4594)  total: 6m 22s   remaining: 21m 20s
4800:   learn: 0.1515901        test: 0.6920658 best: 0.6919844 (4747)  total: 6m 37s   remaining: 20m 59s
5000:   learn: 0.1479562        test: 0.6918905 best: 0.6918905 (5000)  total: 6m 52s   remaining: 20m 37s
5200:   learn: 0.1444210        test: 0.6916680 best: 0.6916127 (5156)  total: 7m 9s    remaining: 20m 22s
5400:   learn: 0.1409925        test: 0.6914438 best: 0.6914352 (5394)  total: 7m 25s   remaining: 20m 4s
5600:   learn: 0.1378487        test: 0.6911503 best: 0.6911294 (5594)  total: 7m 41s   remaining: 19m 46s
5800:   learn: 0.1347873        test: 0.6910694 best: 0.6910466 (5726)  total: 7m 57s   remaining: 19m 27s
6000:   learn: 0.1318946        test: 0.6908427 best: 0.6907934 (5981)  total: 8m 12s   remaining: 19m 9s
6200:   learn: 0.1293186        test: 0.6906613 best: 0.6906613 (6200)  total: 8m 27s   remaining: 18m 49s
6400:   learn: 0.1267124        test: 0.6904628 best: 0.6904192 (6376)  total: 8m 43s   remaining: 18m 31s
6600:   learn: 0.1242468        test: 0.6904716 best: 0.6904192 (6376)  total: 8m 58s   remaining: 18m 13s
6800:   learn: 0.1219544        test: 0.6904022 best: 0.6903885 (6797)  total: 9m 13s   remaining: 17m 54s
7000:   learn: 0.1196686        test: 0.6902512 best: 0.6902005 (6987)  total: 9m 28s   remaining: 17m 36s
7200:   learn: 0.1175268        test: 0.6902820 best: 0.6901525 (7071)  total: 9m 44s   remaining: 17m 18s
7400:   learn: 0.1154538        test: 0.6903403 best: 0.6901525 (7071)  total: 10m      remaining: 17m 2s
Stopped by overfitting detector  (500 iterations wait)

bestTest = 0.690152495
bestIteration = 7071

Shrink model to first 7072 iterations.
0:      learn: 3.4682885        test: 3.4769118 best: 3.4769118 (0)     total: 129ms    remaining: 42m 58s
200:    learn: 0.5647882        test: 0.7070096 best: 0.7070096 (200)   total: 17s      remaining: 27m 58s
400:    learn: 0.4605069        test: 0.6737567 best: 0.6737349 (399)   total: 31.9s    remaining: 25m 57s
600:    learn: 0.3967222        test: 0.6639460 best: 0.6638272 (595)   total: 47.4s    remaining: 25m 29s
800:    learn: 0.3546593        test: 0.6579616 best: 0.6579616 (800)   total: 1m 2s    remaining: 24m 58s
1000:   learn: 0.3224751        test: 0.6540383 best: 0.6540383 (1000)  total: 1m 19s   remaining: 25m 13s
1200:   learn: 0.2971067        test: 0.6509834 best: 0.6508827 (1192)  total: 1m 39s   remaining: 26m 2s
1400:   learn: 0.2763661        test: 0.6488487 best: 0.6488487 (1400)  total: 1m 57s   remaining: 26m
1600:   learn: 0.2596071        test: 0.6470484 best: 0.6470475 (1599)  total: 2m 13s   remaining: 25m 36s
1800:   learn: 0.2456126        test: 0.6460096 best: 0.6457365 (1752)  total: 2m 30s   remaining: 25m 19s
2000:   learn: 0.2330028        test: 0.6443223 best: 0.6442737 (1989)  total: 2m 46s   remaining: 24m 56s
2200:   learn: 0.2217665        test: 0.6435025 best: 0.6434080 (2194)  total: 3m 2s    remaining: 24m 39s
2400:   learn: 0.2117218        test: 0.6425391 best: 0.6423545 (2357)  total: 3m 24s   remaining: 24m 58s
2600:   learn: 0.2026996        test: 0.6413235 best: 0.6412572 (2598)  total: 3m 43s   remaining: 24m 54s
2800:   learn: 0.1946673        test: 0.6406076 best: 0.6406076 (2800)  total: 4m       remaining: 24m 35s
3000:   learn: 0.1874667        test: 0.6401143 best: 0.6401143 (3000)  total: 4m 16s   remaining: 24m 14s
3200:   learn: 0.1809695        test: 0.6398101 best: 0.6397947 (3197)  total: 4m 33s   remaining: 23m 53s
3400:   learn: 0.1748628        test: 0.6392629 best: 0.6392629 (3400)  total: 4m 49s   remaining: 23m 33s
3600:   learn: 0.1692097        test: 0.6392047 best: 0.6391087 (3543)  total: 5m 7s    remaining: 23m 22s
3800:   learn: 0.1639485        test: 0.6388489 best: 0.6388489 (3800)  total: 5m 25s   remaining: 23m 6s
4000:   learn: 0.1591214        test: 0.6386639 best: 0.6386263 (3950)  total: 5m 41s   remaining: 22m 44s
4200:   learn: 0.1545220        test: 0.6386860 best: 0.6385470 (4017)  total: 5m 55s   remaining: 22m 18s
4400:   learn: 0.1502885        test: 0.6383613 best: 0.6383575 (4398)  total: 6m 11s   remaining: 21m 55s
4600:   learn: 0.1462468        test: 0.6383813 best: 0.6381014 (4452)  total: 6m 26s   remaining: 21m 34s
4800:   learn: 0.1424166        test: 0.6383781 best: 0.6381014 (4452)  total: 6m 42s   remaining: 21m 12s
Stopped by overfitting detector  (500 iterations wait)

bestTest = 0.6381014383
bestIteration = 4452

Shrink model to first 4453 iterations.
Fold 3 RMSE: 0.66455

Fold 4/5 — train 450,335 | val 112,587
0:      learn: 4.3784093        test: 4.3433087 best: 4.3433087 (0)     total: 121ms    remaining: 40m 28s
200:    learn: 0.6171202        test: 0.7379502 best: 0.7376539 (197)   total: 14.6s    remaining: 23m 56s
400:    learn: 0.4960291        test: 0.7038608 best: 0.7038608 (400)   total: 29.2s    remaining: 23m 47s
600:    learn: 0.4271767        test: 0.6915809 best: 0.6915332 (599)   total: 44.1s    remaining: 23m 42s
800:    learn: 0.3792531        test: 0.6842132 best: 0.6842132 (800)   total: 58.8s    remaining: 23m 28s
1000:   learn: 0.3440006        test: 0.6794384 best: 0.6794060 (999)   total: 1m 13s   remaining: 23m 16s
1200:   learn: 0.3172759        test: 0.6760447 best: 0.6760447 (1200)  total: 1m 30s   remaining: 23m 33s
1400:   learn: 0.2951660        test: 0.6737817 best: 0.6737817 (1400)  total: 1m 47s   remaining: 23m 49s
1600:   learn: 0.2770323        test: 0.6706013 best: 0.6706013 (1600)  total: 2m 4s    remaining: 23m 48s
1800:   learn: 0.2611525        test: 0.6695709 best: 0.6695611 (1799)  total: 2m 21s   remaining: 23m 51s
2000:   learn: 0.2473125        test: 0.6682808 best: 0.6682808 (2000)  total: 2m 40s   remaining: 24m 4s
2200:   learn: 0.2358899        test: 0.6677230 best: 0.6677230 (2200)  total: 2m 58s   remaining: 24m 1s
2400:   learn: 0.2254172        test: 0.6666687 best: 0.6666687 (2400)  total: 3m 16s   remaining: 23m 58s
2600:   learn: 0.2159952        test: 0.6654012 best: 0.6654012 (2600)  total: 3m 33s   remaining: 23m 50s
2800:   learn: 0.2073667        test: 0.6641692 best: 0.6641561 (2792)  total: 3m 50s   remaining: 23m 38s
3000:   learn: 0.1996254        test: 0.6634829 best: 0.6634636 (2997)  total: 4m 7s    remaining: 23m 23s
3200:   learn: 0.1926562        test: 0.6630580 best: 0.6630236 (3195)  total: 4m 24s   remaining: 23m 8s
3400:   learn: 0.1861735        test: 0.6627359 best: 0.6627285 (3399)  total: 4m 42s   remaining: 22m 57s
3600:   learn: 0.1798057        test: 0.6625196 best: 0.6624184 (3581)  total: 4m 59s   remaining: 22m 42s
3800:   learn: 0.1742844        test: 0.6620781 best: 0.6620781 (3800)  total: 5m 16s   remaining: 22m 28s
4000:   learn: 0.1691962        test: 0.6616996 best: 0.6616996 (4000)  total: 5m 38s   remaining: 22m 34s
4200:   learn: 0.1645209        test: 0.6615731 best: 0.6614544 (4124)  total: 5m 55s   remaining: 22m 18s
4400:   learn: 0.1598931        test: 0.6611430 best: 0.6611430 (4400)  total: 6m 13s   remaining: 22m 5s
4600:   learn: 0.1556839        test: 0.6611743 best: 0.6610576 (4534)  total: 6m 31s   remaining: 21m 51s
4800:   learn: 0.1516961        test: 0.6608668 best: 0.6608478 (4772)  total: 6m 50s   remaining: 21m 38s
5000:   learn: 0.1479843        test: 0.6606125 best: 0.6605065 (4971)  total: 7m 7s    remaining: 21m 20s
5200:   learn: 0.1443480        test: 0.6604330 best: 0.6604055 (5194)  total: 7m 24s   remaining: 21m 5s
5400:   learn: 0.1409947        test: 0.6603620 best: 0.6602763 (5350)  total: 7m 43s   remaining: 20m 51s
5600:   learn: 0.1379961        test: 0.6603300 best: 0.6602763 (5350)  total: 8m       remaining: 20m 35s
5800:   learn: 0.1349895        test: 0.6600711 best: 0.6600711 (5800)  total: 8m 18s   remaining: 20m 20s
6000:   learn: 0.1321486        test: 0.6597965 best: 0.6597965 (6000)  total: 8m 35s   remaining: 20m 3s
6200:   learn: 0.1293841        test: 0.6597206 best: 0.6597157 (6197)  total: 8m 52s   remaining: 19m 44s
6400:   learn: 0.1268866        test: 0.6595995 best: 0.6595989 (6398)  total: 9m 8s    remaining: 19m 25s
6600:   learn: 0.1244263        test: 0.6594659 best: 0.6594659 (6600)  total: 9m 25s   remaining: 19m 7s
6800:   learn: 0.1220881        test: 0.6593271 best: 0.6593084 (6797)  total: 9m 43s   remaining: 18m 52s
7000:   learn: 0.1198987        test: 0.6592079 best: 0.6591836 (6932)  total: 10m 1s   remaining: 18m 36s
7200:   learn: 0.1177873        test: 0.6589865 best: 0.6589599 (7166)  total: 10m 19s  remaining: 18m 21s
7400:   learn: 0.1156836        test: 0.6588060 best: 0.6588046 (7399)  total: 10m 37s  remaining: 18m 5s
7600:   learn: 0.1136100        test: 0.6587240 best: 0.6587107 (7586)  total: 10m 57s  remaining: 17m 52s
7800:   learn: 0.1117246        test: 0.6585314 best: 0.6585247 (7791)  total: 11m 15s  remaining: 17m 35s
8000:   learn: 0.1098383        test: 0.6584849 best: 0.6584723 (7971)  total: 11m 34s  remaining: 17m 21s
8200:   learn: 0.1080720        test: 0.6584211 best: 0.6584038 (8193)  total: 11m 52s  remaining: 17m 5s
8400:   learn: 0.1063377        test: 0.6583149 best: 0.6583039 (8302)  total: 12m 8s   remaining: 16m 46s
8600:   learn: 0.1046432        test: 0.6582327 best: 0.6582316 (8593)  total: 12m 26s  remaining: 16m 28s
8800:   learn: 0.1030311        test: 0.6581121 best: 0.6580822 (8777)  total: 12m 42s  remaining: 16m 10s
9000:   learn: 0.1014807        test: 0.6580995 best: 0.6580792 (8937)  total: 12m 59s  remaining: 15m 52s
9200:   learn: 0.0999885        test: 0.6581109 best: 0.6580566 (9054)  total: 13m 16s  remaining: 15m 35s
9400:   learn: 0.0986217        test: 0.6580117 best: 0.6580023 (9302)  total: 13m 33s  remaining: 15m 16s
9600:   learn: 0.0971902        test: 0.6580045 best: 0.6579617 (9562)  total: 13m 49s  remaining: 14m 58s
9800:   learn: 0.0958748        test: 0.6579863 best: 0.6579617 (9562)  total: 14m 5s   remaining: 14m 40s
10000:  learn: 0.0946496        test: 0.6579692 best: 0.6579617 (9562)  total: 14m 22s  remaining: 14m 22s
10200:  learn: 0.0934448        test: 0.6578782 best: 0.6578782 (10200) total: 14m 39s  remaining: 14m 4s
10400:  learn: 0.0922702        test: 0.6578364 best: 0.6578161 (10377) total: 14m 54s  remaining: 13m 45s
10600:  learn: 0.0911418        test: 0.6577382 best: 0.6577320 (10589) total: 15m 10s  remaining: 13m 27s
10800:  learn: 0.0899837        test: 0.6576970 best: 0.6576902 (10796) total: 15m 25s  remaining: 13m 8s
11000:  learn: 0.0888267        test: 0.6575590 best: 0.6575509 (10995) total: 15m 41s  remaining: 12m 50s
11200:  learn: 0.0877262        test: 0.6574623 best: 0.6574545 (11194) total: 15m 56s  remaining: 12m 31s
11400:  learn: 0.0867146        test: 0.6574599 best: 0.6574341 (11304) total: 16m 11s  remaining: 12m 13s
11600:  learn: 0.0857095        test: 0.6574121 best: 0.6573879 (11584) total: 16m 27s  remaining: 11m 54s
11800:  learn: 0.0847120        test: 0.6572807 best: 0.6572807 (11800) total: 16m 42s  remaining: 11m 36s
12000:  learn: 0.0836872        test: 0.6571870 best: 0.6571870 (12000) total: 16m 58s  remaining: 11m 18s
12200:  learn: 0.0827383        test: 0.6571265 best: 0.6571253 (12196) total: 17m 13s  remaining: 11m
12400:  learn: 0.0817695        test: 0.6570182 best: 0.6570008 (12370) total: 17m 28s  remaining: 10m 42s
12600:  learn: 0.0808346        test: 0.6570041 best: 0.6570008 (12370) total: 17m 44s  remaining: 10m 24s
12800:  learn: 0.0799527        test: 0.6570009 best: 0.6569716 (12739) total: 17m 59s  remaining: 10m 6s
13000:  learn: 0.0791189        test: 0.6569766 best: 0.6569523 (12950) total: 18m 14s  remaining: 9m 49s
13200:  learn: 0.0782793        test: 0.6569157 best: 0.6569078 (13123) total: 18m 29s  remaining: 9m 31s
13400:  learn: 0.0774468        test: 0.6569118 best: 0.6568866 (13339) total: 18m 45s  remaining: 9m 14s
13600:  learn: 0.0766005        test: 0.6569368 best: 0.6568866 (13339) total: 19m      remaining: 8m 56s
13800:  learn: 0.0757918        test: 0.6568888 best: 0.6568791 (13779) total: 19m 15s  remaining: 8m 39s
14000:  learn: 0.0750051        test: 0.6568477 best: 0.6568456 (13999) total: 19m 30s  remaining: 8m 21s
14200:  learn: 0.0742111        test: 0.6567838 best: 0.6567763 (14171) total: 19m 45s  remaining: 8m 4s
14400:  learn: 0.0734710        test: 0.6567332 best: 0.6567262 (14362) total: 19m 59s  remaining: 7m 46s
14600:  learn: 0.0727259        test: 0.6567367 best: 0.6567124 (14435) total: 20m 14s  remaining: 7m 29s
14800:  learn: 0.0720363        test: 0.6567409 best: 0.6567124 (14435) total: 20m 29s  remaining: 7m 11s
Stopped by overfitting detector  (500 iterations wait)

bestTest = 0.6567124392
bestIteration = 14435

Shrink model to first 14436 iterations.
0:      learn: 3.4703301        test: 3.4797976 best: 3.4797976 (0)     total: 115ms    remaining: 38m 15s
200:    learn: 0.5625155        test: 0.6813612 best: 0.6813612 (200)   total: 15.7s    remaining: 25m 46s
400:    learn: 0.4539128        test: 0.6495442 best: 0.6495442 (400)   total: 31s      remaining: 25m 15s
600:    learn: 0.3929389        test: 0.6380711 best: 0.6380649 (599)   total: 46s      remaining: 24m 45s
800:    learn: 0.3520694        test: 0.6326374 best: 0.6324425 (793)   total: 1m 1s    remaining: 24m 23s
1000:   learn: 0.3202081        test: 0.6284239 best: 0.6284016 (997)   total: 1m 16s   remaining: 24m 11s
1200:   learn: 0.2957122        test: 0.6253424 best: 0.6252713 (1196)  total: 1m 31s   remaining: 23m 53s
1400:   learn: 0.2754100        test: 0.6236020 best: 0.6236020 (1400)  total: 1m 47s   remaining: 23m 42s
1600:   learn: 0.2584810        test: 0.6217699 best: 0.6217225 (1594)  total: 2m 2s    remaining: 23m 29s
1800:   learn: 0.2433112        test: 0.6210204 best: 0.6209196 (1772)  total: 2m 18s   remaining: 23m 16s
2000:   learn: 0.2305421        test: 0.6199058 best: 0.6199018 (1999)  total: 2m 33s   remaining: 23m 3s
2200:   learn: 0.2196674        test: 0.6188757 best: 0.6188746 (2199)  total: 2m 49s   remaining: 22m 48s
2400:   learn: 0.2098044        test: 0.6181180 best: 0.6181180 (2400)  total: 3m 4s    remaining: 22m 34s
2600:   learn: 0.2011702        test: 0.6176737 best: 0.6176618 (2588)  total: 3m 20s   remaining: 22m 21s
2800:   learn: 0.1931526        test: 0.6173628 best: 0.6173271 (2788)  total: 3m 36s   remaining: 22m 6s
3000:   learn: 0.1857210        test: 0.6170376 best: 0.6169379 (2981)  total: 3m 52s   remaining: 21m 54s
3200:   learn: 0.1789885        test: 0.6168095 best: 0.6167429 (3164)  total: 4m 7s    remaining: 21m 40s
3400:   learn: 0.1728584        test: 0.6166032 best: 0.6166032 (3400)  total: 4m 23s   remaining: 21m 26s
3600:   learn: 0.1673279        test: 0.6159883 best: 0.6159242 (3568)  total: 4m 39s   remaining: 21m 11s
3800:   learn: 0.1621743        test: 0.6158518 best: 0.6158124 (3682)  total: 4m 55s   remaining: 20m 57s
4000:   learn: 0.1574274        test: 0.6155670 best: 0.6155597 (3988)  total: 5m 11s   remaining: 20m 44s
4200:   learn: 0.1531190        test: 0.6155472 best: 0.6154212 (4145)  total: 5m 27s   remaining: 20m 30s
4400:   learn: 0.1487777        test: 0.6152544 best: 0.6152535 (4395)  total: 5m 43s   remaining: 20m 17s
4600:   learn: 0.1447492        test: 0.6152139 best: 0.6151543 (4458)  total: 5m 59s   remaining: 20m 3s
4800:   learn: 0.1410857        test: 0.6152596 best: 0.6151543 (4458)  total: 6m 15s   remaining: 19m 47s
5000:   learn: 0.1375803        test: 0.6149757 best: 0.6149404 (4972)  total: 6m 30s   remaining: 19m 31s
5200:   learn: 0.1342311        test: 0.6149737 best: 0.6149124 (5084)  total: 6m 47s   remaining: 19m 19s
5400:   learn: 0.1311077        test: 0.6149272 best: 0.6149124 (5084)  total: 7m 3s    remaining: 19m 5s
5600:   learn: 0.1282149        test: 0.6146812 best: 0.6146806 (5595)  total: 7m 20s   remaining: 18m 51s
5800:   learn: 0.1254014        test: 0.6145174 best: 0.6145061 (5773)  total: 7m 36s   remaining: 18m 38s
6000:   learn: 0.1227020        test: 0.6143571 best: 0.6143571 (6000)  total: 7m 53s   remaining: 18m 24s
6200:   learn: 0.1201355        test: 0.6142812 best: 0.6142280 (6185)  total: 8m 10s   remaining: 18m 11s
6400:   learn: 0.1178117        test: 0.6143667 best: 0.6142080 (6237)  total: 8m 27s   remaining: 17m 57s
6600:   learn: 0.1155467        test: 0.6143519 best: 0.6142080 (6237)  total: 8m 45s   remaining: 17m 46s
Stopped by overfitting detector  (500 iterations wait)

bestTest = 0.6142080003
bestIteration = 6237

Shrink model to first 6238 iterations.
Fold 4 RMSE: 0.63553

Fold 5/5 — train 450,340 | val 112,582
0:      learn: 4.3625193        test: 4.4180325 best: 4.4180325 (0)     total: 121ms    remaining: 40m 12s
200:    learn: 0.6072997        test: 0.7601275 best: 0.7601275 (200)   total: 16.9s    remaining: 27m 49s
400:    learn: 0.4865234        test: 0.7341924 best: 0.7341924 (400)   total: 33.4s    remaining: 27m 10s
600:    learn: 0.4190994        test: 0.7260226 best: 0.7258766 (596)   total: 49.9s    remaining: 26m 51s
800:    learn: 0.3726038        test: 0.7207570 best: 0.7207520 (795)   total: 1m 6s    remaining: 26m 43s
1000:   learn: 0.3394574        test: 0.7175370 best: 0.7175370 (1000)  total: 1m 22s   remaining: 25m 57s
1200:   learn: 0.3125769        test: 0.7154127 best: 0.7149134 (1167)  total: 1m 37s   remaining: 25m 19s
1400:   learn: 0.2911617        test: 0.7136677 best: 0.7136184 (1397)  total: 1m 52s   remaining: 24m 58s
1600:   learn: 0.2732899        test: 0.7120479 best: 0.7119761 (1587)  total: 2m 8s    remaining: 24m 35s
1800:   learn: 0.2583422        test: 0.7109680 best: 0.7109680 (1800)  total: 2m 23s   remaining: 24m 7s
2000:   learn: 0.2452806        test: 0.7104498 best: 0.7104220 (1980)  total: 2m 38s   remaining: 23m 43s
2200:   learn: 0.2334105        test: 0.7095393 best: 0.7095393 (2200)  total: 2m 53s   remaining: 23m 19s
2400:   learn: 0.2228363        test: 0.7089804 best: 0.7089651 (2379)  total: 3m 7s    remaining: 22m 55s
2600:   learn: 0.2137022        test: 0.7083669 best: 0.7083309 (2590)  total: 3m 23s   remaining: 22m 44s
2800:   learn: 0.2055570        test: 0.7078175 best: 0.7077056 (2791)  total: 3m 39s   remaining: 22m 27s
3000:   learn: 0.1976715        test: 0.7075345 best: 0.7074168 (2964)  total: 3m 55s   remaining: 22m 13s
3200:   learn: 0.1908962        test: 0.7073586 best: 0.7073522 (3199)  total: 4m 11s   remaining: 21m 59s
3400:   learn: 0.1843861        test: 0.7071285 best: 0.7070857 (3345)  total: 4m 27s   remaining: 21m 46s
3600:   learn: 0.1784106        test: 0.7067470 best: 0.7066963 (3588)  total: 4m 43s   remaining: 21m 30s
3800:   learn: 0.1730617        test: 0.7062303 best: 0.7062205 (3799)  total: 4m 58s   remaining: 21m 14s
4000:   learn: 0.1678043        test: 0.7060669 best: 0.7059882 (3983)  total: 5m 15s   remaining: 21m 2s
4200:   learn: 0.1628756        test: 0.7059210 best: 0.7058466 (4167)  total: 5m 31s   remaining: 20m 47s
4400:   learn: 0.1585351        test: 0.7057131 best: 0.7056331 (4369)  total: 5m 46s   remaining: 20m 26s
4600:   learn: 0.1545145        test: 0.7055695 best: 0.7055695 (4600)  total: 6m 1s    remaining: 20m 9s
4800:   learn: 0.1506042        test: 0.7053550 best: 0.7053093 (4766)  total: 6m 17s   remaining: 19m 55s
5000:   learn: 0.1470559        test: 0.7052058 best: 0.7051807 (4993)  total: 6m 31s   remaining: 19m 35s
5200:   learn: 0.1435520        test: 0.7052238 best: 0.7051420 (5146)  total: 6m 46s   remaining: 19m 16s
5400:   learn: 0.1404466        test: 0.7051311 best: 0.7051047 (5391)  total: 7m       remaining: 18m 57s
5600:   learn: 0.1373493        test: 0.7048773 best: 0.7048297 (5590)  total: 7m 15s   remaining: 18m 39s
5800:   learn: 0.1343578        test: 0.7046600 best: 0.7046326 (5744)  total: 7m 30s   remaining: 18m 23s
6000:   learn: 0.1314658        test: 0.7045443 best: 0.7044757 (5936)  total: 7m 47s   remaining: 18m 10s
6200:   learn: 0.1288059        test: 0.7044252 best: 0.7044252 (6200)  total: 8m 2s    remaining: 17m 54s
6400:   learn: 0.1262056        test: 0.7044590 best: 0.7044252 (6200)  total: 8m 19s   remaining: 17m 41s
6600:   learn: 0.1237893        test: 0.7042098 best: 0.7042031 (6584)  total: 8m 34s   remaining: 17m 25s
6800:   learn: 0.1214672        test: 0.7040398 best: 0.7040362 (6799)  total: 8m 50s   remaining: 17m 10s
7000:   learn: 0.1192659        test: 0.7040160 best: 0.7039848 (6863)  total: 9m 6s    remaining: 16m 55s
7200:   learn: 0.1170704        test: 0.7039529 best: 0.7039304 (7090)  total: 9m 22s   remaining: 16m 39s
7400:   learn: 0.1150193        test: 0.7038869 best: 0.7038868 (7397)  total: 9m 38s   remaining: 16m 25s
7600:   learn: 0.1130074        test: 0.7037880 best: 0.7037541 (7586)  total: 9m 54s   remaining: 16m 10s
7800:   learn: 0.1110554        test: 0.7036303 best: 0.7036175 (7790)  total: 10m 10s  remaining: 15m 55s
8000:   learn: 0.1091838        test: 0.7034560 best: 0.7034539 (7996)  total: 10m 26s  remaining: 15m 39s
8200:   learn: 0.1075115        test: 0.7033379 best: 0.7033285 (8185)  total: 10m 44s  remaining: 15m 27s
8400:   learn: 0.1057916        test: 0.7033709 best: 0.7033160 (8241)  total: 11m 1s   remaining: 15m 13s
8600:   learn: 0.1042269        test: 0.7032823 best: 0.7032737 (8584)  total: 11m 16s  remaining: 14m 56s
8800:   learn: 0.1025989        test: 0.7031338 best: 0.7031231 (8777)  total: 11m 32s  remaining: 14m 41s
9000:   learn: 0.1010666        test: 0.7030926 best: 0.7030862 (8989)  total: 11m 48s  remaining: 14m 26s
9200:   learn: 0.0996562        test: 0.7030111 best: 0.7030064 (9187)  total: 12m 5s   remaining: 14m 11s
9400:   learn: 0.0982214        test: 0.7029113 best: 0.7029028 (9374)  total: 12m 21s  remaining: 13m 56s
9600:   learn: 0.0969013        test: 0.7027308 best: 0.7027170 (9582)  total: 12m 37s  remaining: 13m 40s
9800:   learn: 0.0955562        test: 0.7025199 best: 0.7025199 (9800)  total: 12m 54s  remaining: 13m 26s
10000:  learn: 0.0942065        test: 0.7024962 best: 0.7024677 (9943)  total: 13m 11s  remaining: 13m 11s
10200:  learn: 0.0929315        test: 0.7025074 best: 0.7024677 (9943)  total: 13m 28s  remaining: 12m 56s
10400:  learn: 0.0916779        test: 0.7024125 best: 0.7024033 (10328) total: 13m 44s  remaining: 12m 40s
10600:  learn: 0.0905163        test: 0.7024262 best: 0.7023935 (10438) total: 13m 59s  remaining: 12m 24s
10800:  learn: 0.0893784        test: 0.7024244 best: 0.7023935 (10438) total: 14m 14s  remaining: 12m 7s
11000:  learn: 0.0882741        test: 0.7023728 best: 0.7023531 (10965) total: 14m 29s  remaining: 11m 51s
11200:  learn: 0.0872465        test: 0.7023649 best: 0.7023531 (10965) total: 14m 45s  remaining: 11m 35s
11400:  learn: 0.0861705        test: 0.7023817 best: 0.7023531 (10965) total: 15m 1s   remaining: 11m 19s
Stopped by overfitting detector  (500 iterations wait)

bestTest = 0.7023530736
bestIteration = 10965

Shrink model to first 10966 iterations.
0:      learn: 3.4820999        test: 3.4248880 best: 3.4248880 (0)     total: 112ms    remaining: 37m 11s
200:    learn: 0.5564207        test: 0.7036610 best: 0.7036610 (200)   total: 16s      remaining: 26m 17s
400:    learn: 0.4509914        test: 0.6735231 best: 0.6735231 (400)   total: 31.5s    remaining: 25m 38s
600:    learn: 0.3906907        test: 0.6630942 best: 0.6630942 (600)   total: 45.9s    remaining: 24m 41s
800:    learn: 0.3495520        test: 0.6572760 best: 0.6572760 (800)   total: 1m 1s    remaining: 24m 37s
1000:   learn: 0.3177777        test: 0.6527377 best: 0.6527301 (998)   total: 1m 17s   remaining: 24m 25s
1200:   learn: 0.2931760        test: 0.6489652 best: 0.6489652 (1200)  total: 1m 32s   remaining: 24m 11s
1400:   learn: 0.2734972        test: 0.6470773 best: 0.6470761 (1393)  total: 1m 48s   remaining: 23m 58s
1600:   learn: 0.2567455        test: 0.6455276 best: 0.6453928 (1584)  total: 2m 3s    remaining: 23m 42s
1800:   learn: 0.2424243        test: 0.6443647 best: 0.6442025 (1789)  total: 2m 18s   remaining: 23m 23s
2000:   learn: 0.2301618        test: 0.6436721 best: 0.6436299 (1988)  total: 2m 34s   remaining: 23m 8s
2200:   learn: 0.2196074        test: 0.6431913 best: 0.6431530 (2191)  total: 2m 50s   remaining: 22m 57s
2400:   learn: 0.2094576        test: 0.6428441 best: 0.6427897 (2342)  total: 3m 6s    remaining: 22m 46s
2600:   learn: 0.2005147        test: 0.6421982 best: 0.6421879 (2599)  total: 3m 22s   remaining: 22m 34s
2800:   learn: 0.1925838        test: 0.6417016 best: 0.6416341 (2784)  total: 3m 37s   remaining: 22m 17s
3000:   learn: 0.1854029        test: 0.6410595 best: 0.6410595 (3000)  total: 3m 54s   remaining: 22m 5s
3200:   learn: 0.1790192        test: 0.6407057 best: 0.6407020 (3198)  total: 4m 11s   remaining: 21m 58s
3400:   learn: 0.1729313        test: 0.6403888 best: 0.6403888 (3400)  total: 4m 26s   remaining: 21m 42s
3600:   learn: 0.1673837        test: 0.6400208 best: 0.6399900 (3580)  total: 4m 42s   remaining: 21m 26s
3800:   learn: 0.1621563        test: 0.6397189 best: 0.6396869 (3795)  total: 4m 59s   remaining: 21m 16s
4000:   learn: 0.1573817        test: 0.6396020 best: 0.6395494 (3970)  total: 5m 15s   remaining: 21m
4200:   learn: 0.1529256        test: 0.6394064 best: 0.6393546 (4146)  total: 5m 30s   remaining: 20m 43s
4400:   learn: 0.1485726        test: 0.6394672 best: 0.6392863 (4315)  total: 5m 46s   remaining: 20m 29s
4600:   learn: 0.1447207        test: 0.6392066 best: 0.6392066 (4600)  total: 6m 2s    remaining: 20m 14s
4800:   learn: 0.1410844        test: 0.6391612 best: 0.6391192 (4769)  total: 6m 17s   remaining: 19m 56s
5000:   learn: 0.1375374        test: 0.6389910 best: 0.6389562 (4935)  total: 6m 33s   remaining: 19m 39s
5200:   learn: 0.1341457        test: 0.6387692 best: 0.6387572 (5181)  total: 6m 49s   remaining: 19m 25s
5400:   learn: 0.1311285        test: 0.6386580 best: 0.6386265 (5344)  total: 7m 5s    remaining: 19m 10s
5600:   learn: 0.1282176        test: 0.6384222 best: 0.6384213 (5597)  total: 7m 22s   remaining: 18m 57s
5800:   learn: 0.1253932        test: 0.6382955 best: 0.6382896 (5798)  total: 7m 40s   remaining: 18m 46s
6000:   learn: 0.1227369        test: 0.6379935 best: 0.6379709 (5992)  total: 7m 57s   remaining: 18m 33s
6200:   learn: 0.1201868        test: 0.6377986 best: 0.6377958 (6157)  total: 8m 13s   remaining: 18m 17s
6400:   learn: 0.1177326        test: 0.6376728 best: 0.6376518 (6324)  total: 8m 29s   remaining: 18m 1s
6600:   learn: 0.1154874        test: 0.6375131 best: 0.6375096 (6599)  total: 8m 45s   remaining: 17m 45s
6800:   learn: 0.1132247        test: 0.6374368 best: 0.6373748 (6738)  total: 9m 1s    remaining: 17m 30s
7000:   learn: 0.1111279        test: 0.6374157 best: 0.6373748 (6738)  total: 9m 16s   remaining: 17m 14s
7200:   learn: 0.1090239        test: 0.6373142 best: 0.6373128 (7194)  total: 9m 33s   remaining: 16m 59s
7400:   learn: 0.1070373        test: 0.6371754 best: 0.6371617 (7355)  total: 9m 49s   remaining: 16m 43s
7600:   learn: 0.1051474        test: 0.6370112 best: 0.6370010 (7596)  total: 10m 5s   remaining: 16m 27s
7800:   learn: 0.1033549        test: 0.6369761 best: 0.6369484 (7752)  total: 10m 21s  remaining: 16m 12s
8000:   learn: 0.1016549        test: 0.6368473 best: 0.6368437 (7997)  total: 10m 37s  remaining: 15m 56s
8200:   learn: 0.1000933        test: 0.6367628 best: 0.6367502 (8179)  total: 10m 52s  remaining: 15m 39s
8400:   learn: 0.0986031        test: 0.6367147 best: 0.6367139 (8378)  total: 11m 7s   remaining: 15m 21s
8600:   learn: 0.0970480        test: 0.6366145 best: 0.6365736 (8582)  total: 11m 22s  remaining: 15m 3s
8800:   learn: 0.0955618        test: 0.6365114 best: 0.6365077 (8793)  total: 11m 36s  remaining: 14m 46s
9000:   learn: 0.0941002        test: 0.6364042 best: 0.6364013 (8992)  total: 11m 52s  remaining: 14m 30s
9200:   learn: 0.0926925        test: 0.6363826 best: 0.6363778 (9126)  total: 12m 8s   remaining: 14m 15s
9400:   learn: 0.0913431        test: 0.6363516 best: 0.6363458 (9396)  total: 12m 24s  remaining: 13m 59s
9600:   learn: 0.0900289        test: 0.6362704 best: 0.6362454 (9582)  total: 12m 39s  remaining: 13m 43s
9800:   learn: 0.0887949        test: 0.6361458 best: 0.6361332 (9779)  total: 12m 54s  remaining: 13m 25s
10000:  learn: 0.0875549        test: 0.6361304 best: 0.6360761 (9966)  total: 13m 10s  remaining: 13m 10s
10200:  learn: 0.0863982        test: 0.6360569 best: 0.6360569 (10200) total: 13m 25s  remaining: 12m 53s
10400:  learn: 0.0852375        test: 0.6361144 best: 0.6360476 (10211) total: 13m 39s  remaining: 12m 36s
10600:  learn: 0.0841224        test: 0.6361208 best: 0.6360476 (10211) total: 13m 53s  remaining: 12m 19s
Stopped by overfitting detector  (500 iterations wait)

bestTest = 0.6360475725
bestIteration = 10211

Shrink model to first 10212 iterations.
Fold 5 RMSE: 0.66991

Per-fold RMSE: ['0.72996', '0.67478', '0.66455', '0.63553', '0.66991']
Mean ± std: 0.67495 ± 0.03070
